{"C:\\Users\\xavie\\bootcamp\\collab\\skylab-bootcamp-201909\\staff\\javier-sevilla\\skillpop\\skillpop-api\\logic\\add-comment\\index.spec.js":{"path":"C:\\Users\\xavie\\bootcamp\\collab\\skylab-bootcamp-201909\\staff\\javier-sevilla\\skillpop\\skillpop-api\\logic\\add-comment\\index.spec.js","statementMap":{"0":{"start":{"line":1,"column":0},"end":{"line":1,"column":26}},"1":{"start":{"line":2,"column":33},"end":{"line":2,"column":40}},"2":{"start":{"line":3,"column":19},"end":{"line":3,"column":34}},"3":{"start":{"line":4,"column":18},"end":{"line":4,"column":30}},"4":{"start":{"line":5,"column":19},"end":{"line":5,"column":23}},"5":{"start":{"line":6,"column":52},"end":{"line":6,"column":76}},"6":{"start":{"line":7,"column":58},"end":{"line":7,"column":82}},"7":{"start":{"line":8,"column":15},"end":{"line":8,"column":34}},"8":{"start":{"line":9,"column":13},"end":{"line":9,"column":15}},"9":{"start":{"line":11,"column":0},"end":{"line":95,"column":2}},"10":{"start":{"line":12,"column":4},"end":{"line":12,"column":47}},"11":{"start":{"line":12,"column":17},"end":{"line":12,"column":46}},"12":{"start":{"line":20,"column":4},"end":{"line":38,"column":6}},"13":{"start":{"line":21,"column":8},"end":{"line":21,"column":46}},"14":{"start":{"line":24,"column":8},"end":{"line":24,"column":33}},"15":{"start":{"line":25,"column":8},"end":{"line":25,"column":39}},"16":{"start":{"line":26,"column":8},"end":{"line":26,"column":26}},"17":{"start":{"line":27,"column":8},"end":{"line":27,"column":35}},"18":{"start":{"line":28,"column":8},"end":{"line":28,"column":44}},"19":{"start":{"line":29,"column":8},"end":{"line":29,"column":41}},"20":{"start":{"line":31,"column":8},"end":{"line":31,"column":48}},"21":{"start":{"line":33,"column":8},"end":{"line":33,"column":33}},"22":{"start":{"line":35,"column":21},"end":{"line":35,"column":95}},"23":{"start":{"line":36,"column":8},"end":{"line":36,"column":20}},"24":{"start":{"line":40,"column":4},"end":{"line":53,"column":6}},"25":{"start":{"line":41,"column":26},"end":{"line":41,"column":52}},"26":{"start":{"line":43,"column":21},"end":{"line":43,"column":44}},"27":{"start":{"line":45,"column":8},"end":{"line":52,"column":10}},"28":{"start":{"line":46,"column":12},"end":{"line":51,"column":13}},"29":{"start":{"line":47,"column":16},"end":{"line":47,"column":40}},"30":{"start":{"line":48,"column":16},"end":{"line":48,"column":54}},"31":{"start":{"line":49,"column":16},"end":{"line":49,"column":60}},"32":{"start":{"line":50,"column":16},"end":{"line":50,"column":51}},"33":{"start":{"line":55,"column":4},"end":{"line":67,"column":6}},"34":{"start":{"line":56,"column":23},"end":{"line":56,"column":44}},"35":{"start":{"line":57,"column":8},"end":{"line":66,"column":9}},"36":{"start":{"line":58,"column":12},"end":{"line":58,"column":42}},"37":{"start":{"line":60,"column":12},"end":{"line":60,"column":54}},"38":{"start":{"line":63,"column":12},"end":{"line":63,"column":34}},"39":{"start":{"line":64,"column":12},"end":{"line":64,"column":60}},"40":{"start":{"line":65,"column":12},"end":{"line":65,"column":78}},"41":{"start":{"line":70,"column":4},"end":{"line":91,"column":6}},"42":{"start":{"line":72,"column":8},"end":{"line":72,"column":76}},"43":{"start":{"line":72,"column":21},"end":{"line":72,"column":34}},"44":{"start":{"line":73,"column":8},"end":{"line":73,"column":82}},"45":{"start":{"line":73,"column":21},"end":{"line":73,"column":37}},"46":{"start":{"line":74,"column":8},"end":{"line":74,"column":76}},"47":{"start":{"line":74,"column":21},"end":{"line":74,"column":35}},"48":{"start":{"line":75,"column":8},"end":{"line":75,"column":91}},"49":{"start":{"line":75,"column":21},"end":{"line":75,"column":35}},"50":{"start":{"line":76,"column":8},"end":{"line":76,"column":92}},"51":{"start":{"line":76,"column":21},"end":{"line":76,"column":42}},"52":{"start":{"line":77,"column":8},"end":{"line":77,"column":82}},"53":{"start":{"line":77,"column":21},"end":{"line":77,"column":37}},"54":{"start":{"line":78,"column":8},"end":{"line":78,"column":83}},"55":{"start":{"line":78,"column":21},"end":{"line":78,"column":35}},"56":{"start":{"line":79,"column":8},"end":{"line":79,"column":88}},"57":{"start":{"line":79,"column":21},"end":{"line":79,"column":40}},"58":{"start":{"line":82,"column":8},"end":{"line":82,"column":80}},"59":{"start":{"line":82,"column":21},"end":{"line":82,"column":38}},"60":{"start":{"line":83,"column":8},"end":{"line":83,"column":86}},"61":{"start":{"line":83,"column":21},"end":{"line":83,"column":41}},"62":{"start":{"line":84,"column":8},"end":{"line":84,"column":80}},"63":{"start":{"line":84,"column":21},"end":{"line":84,"column":39}},"64":{"start":{"line":85,"column":8},"end":{"line":85,"column":95}},"65":{"start":{"line":85,"column":21},"end":{"line":85,"column":39}},"66":{"start":{"line":86,"column":8},"end":{"line":86,"column":96}},"67":{"start":{"line":86,"column":21},"end":{"line":86,"column":46}},"68":{"start":{"line":87,"column":8},"end":{"line":87,"column":86}},"69":{"start":{"line":87,"column":21},"end":{"line":87,"column":41}},"70":{"start":{"line":88,"column":8},"end":{"line":88,"column":89}},"71":{"start":{"line":88,"column":21},"end":{"line":88,"column":39}},"72":{"start":{"line":89,"column":8},"end":{"line":89,"column":94}},"73":{"start":{"line":89,"column":21},"end":{"line":89,"column":44}},"74":{"start":{"line":94,"column":4},"end":{"line":94,"column":75}},"75":{"start":{"line":94,"column":16},"end":{"line":94,"column":74}}},"fnMap":{"0":{"name":"(anonymous_0)","decl":{"start":{"line":11,"column":32},"end":{"line":11,"column":33}},"loc":{"start":{"line":11,"column":38},"end":{"line":95,"column":1}},"line":11},"1":{"name":"(anonymous_1)","decl":{"start":{"line":12,"column":11},"end":{"line":12,"column":12}},"loc":{"start":{"line":12,"column":17},"end":{"line":12,"column":46}},"line":12},"2":{"name":"(anonymous_2)","decl":{"start":{"line":20,"column":15},"end":{"line":20,"column":16}},"loc":{"start":{"line":20,"column":26},"end":{"line":38,"column":5}},"line":20},"3":{"name":"(anonymous_3)","decl":{"start":{"line":40,"column":39},"end":{"line":40,"column":40}},"loc":{"start":{"line":40,"column":50},"end":{"line":53,"column":5}},"line":40},"4":{"name":"(anonymous_4)","decl":{"start":{"line":45,"column":30},"end":{"line":45,"column":31}},"loc":{"start":{"line":45,"column":41},"end":{"line":52,"column":9}},"line":45},"5":{"name":"(anonymous_5)","decl":{"start":{"line":55,"column":66},"end":{"line":55,"column":67}},"loc":{"start":{"line":55,"column":77},"end":{"line":67,"column":5}},"line":55},"6":{"name":"(anonymous_6)","decl":{"start":{"line":70,"column":98},"end":{"line":70,"column":99}},"loc":{"start":{"line":70,"column":104},"end":{"line":91,"column":5}},"line":70},"7":{"name":"(anonymous_7)","decl":{"start":{"line":72,"column":15},"end":{"line":72,"column":16}},"loc":{"start":{"line":72,"column":21},"end":{"line":72,"column":34}},"line":72},"8":{"name":"(anonymous_8)","decl":{"start":{"line":73,"column":15},"end":{"line":73,"column":16}},"loc":{"start":{"line":73,"column":21},"end":{"line":73,"column":37}},"line":73},"9":{"name":"(anonymous_9)","decl":{"start":{"line":74,"column":15},"end":{"line":74,"column":16}},"loc":{"start":{"line":74,"column":21},"end":{"line":74,"column":35}},"line":74},"10":{"name":"(anonymous_10)","decl":{"start":{"line":75,"column":15},"end":{"line":75,"column":16}},"loc":{"start":{"line":75,"column":21},"end":{"line":75,"column":35}},"line":75},"11":{"name":"(anonymous_11)","decl":{"start":{"line":76,"column":15},"end":{"line":76,"column":16}},"loc":{"start":{"line":76,"column":21},"end":{"line":76,"column":42}},"line":76},"12":{"name":"(anonymous_12)","decl":{"start":{"line":77,"column":15},"end":{"line":77,"column":16}},"loc":{"start":{"line":77,"column":21},"end":{"line":77,"column":37}},"line":77},"13":{"name":"(anonymous_13)","decl":{"start":{"line":78,"column":15},"end":{"line":78,"column":16}},"loc":{"start":{"line":78,"column":21},"end":{"line":78,"column":35}},"line":78},"14":{"name":"(anonymous_14)","decl":{"start":{"line":79,"column":15},"end":{"line":79,"column":16}},"loc":{"start":{"line":79,"column":21},"end":{"line":79,"column":40}},"line":79},"15":{"name":"(anonymous_15)","decl":{"start":{"line":82,"column":15},"end":{"line":82,"column":16}},"loc":{"start":{"line":82,"column":21},"end":{"line":82,"column":38}},"line":82},"16":{"name":"(anonymous_16)","decl":{"start":{"line":83,"column":15},"end":{"line":83,"column":16}},"loc":{"start":{"line":83,"column":21},"end":{"line":83,"column":41}},"line":83},"17":{"name":"(anonymous_17)","decl":{"start":{"line":84,"column":15},"end":{"line":84,"column":16}},"loc":{"start":{"line":84,"column":21},"end":{"line":84,"column":39}},"line":84},"18":{"name":"(anonymous_18)","decl":{"start":{"line":85,"column":15},"end":{"line":85,"column":16}},"loc":{"start":{"line":85,"column":21},"end":{"line":85,"column":39}},"line":85},"19":{"name":"(anonymous_19)","decl":{"start":{"line":86,"column":15},"end":{"line":86,"column":16}},"loc":{"start":{"line":86,"column":21},"end":{"line":86,"column":46}},"line":86},"20":{"name":"(anonymous_20)","decl":{"start":{"line":87,"column":15},"end":{"line":87,"column":16}},"loc":{"start":{"line":87,"column":21},"end":{"line":87,"column":41}},"line":87},"21":{"name":"(anonymous_21)","decl":{"start":{"line":88,"column":15},"end":{"line":88,"column":16}},"loc":{"start":{"line":88,"column":21},"end":{"line":88,"column":39}},"line":88},"22":{"name":"(anonymous_22)","decl":{"start":{"line":89,"column":15},"end":{"line":89,"column":16}},"loc":{"start":{"line":89,"column":21},"end":{"line":89,"column":44}},"line":89},"23":{"name":"(anonymous_23)","decl":{"start":{"line":94,"column":10},"end":{"line":94,"column":11}},"loc":{"start":{"line":94,"column":16},"end":{"line":94,"column":74}},"line":94}},"branchMap":{"0":{"loc":{"start":{"line":46,"column":12},"end":{"line":51,"column":13}},"type":"if","locations":[{"start":{"line":46,"column":12},"end":{"line":51,"column":13}},{"start":{"line":46,"column":12},"end":{"line":51,"column":13}}],"line":46}},"s":{"0":1,"1":1,"2":1,"3":1,"4":1,"5":1,"6":1,"7":1,"8":1,"9":1,"10":1,"11":1,"12":1,"13":3,"14":3,"15":3,"16":3,"17":3,"18":3,"19":3,"20":3,"21":3,"22":3,"23":3,"24":1,"25":1,"26":1,"27":1,"28":1,"29":1,"30":1,"31":1,"32":1,"33":1,"34":1,"35":1,"36":1,"37":0,"38":1,"39":1,"40":1,"41":1,"42":1,"43":1,"44":1,"45":1,"46":1,"47":1,"48":1,"49":1,"50":1,"51":1,"52":1,"53":1,"54":1,"55":1,"56":1,"57":1,"58":1,"59":1,"60":1,"61":1,"62":1,"63":1,"64":1,"65":1,"66":1,"67":1,"68":1,"69":1,"70":1,"71":1,"72":1,"73":1,"74":1,"75":1},"f":{"0":1,"1":1,"2":3,"3":1,"4":1,"5":1,"6":1,"7":1,"8":1,"9":1,"10":1,"11":1,"12":1,"13":1,"14":1,"15":1,"16":1,"17":1,"18":1,"19":1,"20":1,"21":1,"22":1,"23":1},"b":{"0":[1,0]},"_coverageSchema":"43e27e138ebf9cfc5966b082cf9a028302ed4184","hash":"e4c188e90b5b36ace153ff9613b48a2098f4bb3d","contentHash":"ec8242314b74e26aa08a6b1c842357c1a81f7d7c3d08a9bc55aaece5e3d4040a"},"C:\\Users\\xavie\\bootcamp\\collab\\skylab-bootcamp-201909\\staff\\javier-sevilla\\skillpop\\skillpop-api\\logic\\add-comment\\index.js":{"path":"C:\\Users\\xavie\\bootcamp\\collab\\skylab-bootcamp-201909\\staff\\javier-sevilla\\skillpop\\skillpop-api\\logic\\add-comment\\index.js","statementMap":{"0":{"start":{"line":1,"column":48},"end":{"line":1,"column":72}},"1":{"start":{"line":2,"column":62},"end":{"line":2,"column":86}},"2":{"start":{"line":5,"column":0},"end":{"line":26,"column":1}},"3":{"start":{"line":6,"column":4},"end":{"line":6,"column":23}},"4":{"start":{"line":7,"column":4},"end":{"line":7,"column":37}},"5":{"start":{"line":8,"column":4},"end":{"line":8,"column":80}},"6":{"start":{"line":8,"column":31},"end":{"line":8,"column":80}},"7":{"start":{"line":10,"column":4},"end":{"line":10,"column":25}},"8":{"start":{"line":11,"column":4},"end":{"line":11,"column":41}},"9":{"start":{"line":14,"column":4},"end":{"line":25,"column":8}},"10":{"start":{"line":16,"column":21},"end":{"line":16,"column":44}},"11":{"start":{"line":17,"column":8},"end":{"line":17,"column":74}},"12":{"start":{"line":17,"column":19},"end":{"line":17,"column":74}},"13":{"start":{"line":19,"column":24},"end":{"line":19,"column":71}},"14":{"start":{"line":20,"column":8},"end":{"line":20,"column":35}},"15":{"start":{"line":21,"column":8},"end":{"line":21,"column":25}},"16":{"start":{"line":23,"column":8},"end":{"line":23,"column":25}}},"fnMap":{"0":{"name":"(anonymous_0)","decl":{"start":{"line":5,"column":17},"end":{"line":5,"column":18}},"loc":{"start":{"line":5,"column":36},"end":{"line":26,"column":1}},"line":5},"1":{"name":"(anonymous_1)","decl":{"start":{"line":14,"column":12},"end":{"line":14,"column":13}},"loc":{"start":{"line":14,"column":23},"end":{"line":25,"column":5}},"line":14}},"branchMap":{"0":{"loc":{"start":{"line":8,"column":4},"end":{"line":8,"column":80}},"type":"if","locations":[{"start":{"line":8,"column":4},"end":{"line":8,"column":80}},{"start":{"line":8,"column":4},"end":{"line":8,"column":80}}],"line":8},"1":{"loc":{"start":{"line":17,"column":8},"end":{"line":17,"column":74}},"type":"if","locations":[{"start":{"line":17,"column":8},"end":{"line":17,"column":74}},{"start":{"line":17,"column":8},"end":{"line":17,"column":74}}],"line":17}},"s":{"0":1,"1":1,"2":1,"3":18,"4":12,"5":10,"6":0,"7":10,"8":4,"9":2,"10":2,"11":2,"12":1,"13":1,"14":1,"15":1,"16":1},"f":{"0":18,"1":2},"b":{"0":[0,10],"1":[1,1]},"_coverageSchema":"43e27e138ebf9cfc5966b082cf9a028302ed4184","hash":"43255a6b987159948f33dfdc4213977ca387a0d7","contentHash":"5bd9a426cd0a6cf65dd14aed6d6a746b8c6a8c7685012aa93f16416c7b3e0f1e"},"C:\\Users\\xavie\\bootcamp\\collab\\skylab-bootcamp-201909\\staff\\javier-sevilla\\skillpop\\skillpop-api\\logic\\add-message\\index.spec.js":{"path":"C:\\Users\\xavie\\bootcamp\\collab\\skylab-bootcamp-201909\\staff\\javier-sevilla\\skillpop\\skillpop-api\\logic\\add-message\\index.spec.js","statementMap":{"0":{"start":{"line":1,"column":0},"end":{"line":1,"column":26}},"1":{"start":{"line":2,"column":33},"end":{"line":2,"column":40}},"2":{"start":{"line":3,"column":19},"end":{"line":3,"column":34}},"3":{"start":{"line":4,"column":19},"end":{"line":4,"column":31}},"4":{"start":{"line":5,"column":19},"end":{"line":5,"column":23}},"5":{"start":{"line":6,"column":52},"end":{"line":6,"column":76}},"6":{"start":{"line":7,"column":55},"end":{"line":7,"column":79}},"7":{"start":{"line":8,"column":15},"end":{"line":8,"column":34}},"8":{"start":{"line":9,"column":13},"end":{"line":9,"column":15}},"9":{"start":{"line":11,"column":0},"end":{"line":124,"column":2}},"10":{"start":{"line":12,"column":4},"end":{"line":12,"column":47}},"11":{"start":{"line":12,"column":17},"end":{"line":12,"column":46}},"12":{"start":{"line":20,"column":4},"end":{"line":41,"column":6}},"13":{"start":{"line":21,"column":8},"end":{"line":21,"column":65}},"14":{"start":{"line":24,"column":8},"end":{"line":24,"column":33}},"15":{"start":{"line":25,"column":8},"end":{"line":25,"column":39}},"16":{"start":{"line":26,"column":8},"end":{"line":26,"column":26}},"17":{"start":{"line":27,"column":8},"end":{"line":27,"column":35}},"18":{"start":{"line":28,"column":8},"end":{"line":28,"column":44}},"19":{"start":{"line":29,"column":8},"end":{"line":29,"column":41}},"20":{"start":{"line":31,"column":8},"end":{"line":31,"column":48}},"21":{"start":{"line":33,"column":8},"end":{"line":33,"column":33}},"22":{"start":{"line":35,"column":22},"end":{"line":35,"column":96}},"23":{"start":{"line":36,"column":8},"end":{"line":36,"column":22}},"24":{"start":{"line":39,"column":21},"end":{"line":39,"column":80}},"25":{"start":{"line":40,"column":8},"end":{"line":40,"column":24}},"26":{"start":{"line":43,"column":4},"end":{"line":56,"column":6}},"27":{"start":{"line":44,"column":26},"end":{"line":44,"column":61}},"28":{"start":{"line":46,"column":21},"end":{"line":46,"column":48}},"29":{"start":{"line":48,"column":8},"end":{"line":55,"column":10}},"30":{"start":{"line":49,"column":12},"end":{"line":54,"column":13}},"31":{"start":{"line":50,"column":16},"end":{"line":50,"column":40}},"32":{"start":{"line":51,"column":16},"end":{"line":51,"column":54}},"33":{"start":{"line":52,"column":16},"end":{"line":52,"column":61}},"34":{"start":{"line":53,"column":16},"end":{"line":53,"column":51}},"35":{"start":{"line":58,"column":4},"end":{"line":70,"column":6}},"36":{"start":{"line":59,"column":23},"end":{"line":59,"column":44}},"37":{"start":{"line":60,"column":8},"end":{"line":69,"column":9}},"38":{"start":{"line":61,"column":12},"end":{"line":61,"column":47}},"39":{"start":{"line":63,"column":12},"end":{"line":63,"column":54}},"40":{"start":{"line":66,"column":12},"end":{"line":66,"column":34}},"41":{"start":{"line":67,"column":12},"end":{"line":67,"column":60}},"42":{"start":{"line":68,"column":12},"end":{"line":68,"column":78}},"43":{"start":{"line":73,"column":4},"end":{"line":85,"column":6}},"44":{"start":{"line":74,"column":23},"end":{"line":74,"column":44}},"45":{"start":{"line":75,"column":8},"end":{"line":84,"column":9}},"46":{"start":{"line":76,"column":12},"end":{"line":76,"column":50}},"47":{"start":{"line":78,"column":12},"end":{"line":78,"column":54}},"48":{"start":{"line":81,"column":12},"end":{"line":81,"column":34}},"49":{"start":{"line":82,"column":12},"end":{"line":82,"column":60}},"50":{"start":{"line":83,"column":12},"end":{"line":83,"column":78}},"51":{"start":{"line":88,"column":4},"end":{"line":120,"column":6}},"52":{"start":{"line":90,"column":8},"end":{"line":90,"column":76}},"53":{"start":{"line":90,"column":21},"end":{"line":90,"column":34}},"54":{"start":{"line":91,"column":8},"end":{"line":91,"column":82}},"55":{"start":{"line":91,"column":21},"end":{"line":91,"column":37}},"56":{"start":{"line":92,"column":8},"end":{"line":92,"column":76}},"57":{"start":{"line":92,"column":21},"end":{"line":92,"column":35}},"58":{"start":{"line":93,"column":8},"end":{"line":93,"column":91}},"59":{"start":{"line":93,"column":21},"end":{"line":93,"column":35}},"60":{"start":{"line":94,"column":8},"end":{"line":94,"column":92}},"61":{"start":{"line":94,"column":21},"end":{"line":94,"column":42}},"62":{"start":{"line":95,"column":8},"end":{"line":95,"column":82}},"63":{"start":{"line":95,"column":21},"end":{"line":95,"column":37}},"64":{"start":{"line":96,"column":8},"end":{"line":96,"column":87}},"65":{"start":{"line":96,"column":21},"end":{"line":96,"column":35}},"66":{"start":{"line":97,"column":8},"end":{"line":97,"column":92}},"67":{"start":{"line":97,"column":21},"end":{"line":97,"column":40}},"68":{"start":{"line":100,"column":8},"end":{"line":100,"column":84}},"69":{"start":{"line":100,"column":21},"end":{"line":100,"column":42}},"70":{"start":{"line":101,"column":8},"end":{"line":101,"column":90}},"71":{"start":{"line":101,"column":21},"end":{"line":101,"column":45}},"72":{"start":{"line":102,"column":8},"end":{"line":102,"column":84}},"73":{"start":{"line":102,"column":21},"end":{"line":102,"column":43}},"74":{"start":{"line":103,"column":8},"end":{"line":103,"column":99}},"75":{"start":{"line":103,"column":21},"end":{"line":103,"column":43}},"76":{"start":{"line":104,"column":8},"end":{"line":104,"column":100}},"77":{"start":{"line":104,"column":21},"end":{"line":104,"column":50}},"78":{"start":{"line":105,"column":8},"end":{"line":105,"column":90}},"79":{"start":{"line":105,"column":21},"end":{"line":105,"column":45}},"80":{"start":{"line":106,"column":8},"end":{"line":106,"column":95}},"81":{"start":{"line":106,"column":21},"end":{"line":106,"column":43}},"82":{"start":{"line":107,"column":8},"end":{"line":107,"column":100}},"83":{"start":{"line":107,"column":21},"end":{"line":107,"column":48}},"84":{"start":{"line":111,"column":8},"end":{"line":111,"column":89}},"85":{"start":{"line":111,"column":21},"end":{"line":111,"column":47}},"86":{"start":{"line":112,"column":8},"end":{"line":112,"column":95}},"87":{"start":{"line":112,"column":21},"end":{"line":112,"column":50}},"88":{"start":{"line":113,"column":8},"end":{"line":113,"column":89}},"89":{"start":{"line":113,"column":21},"end":{"line":113,"column":48}},"90":{"start":{"line":114,"column":8},"end":{"line":114,"column":104}},"91":{"start":{"line":114,"column":21},"end":{"line":114,"column":48}},"92":{"start":{"line":115,"column":8},"end":{"line":115,"column":105}},"93":{"start":{"line":115,"column":21},"end":{"line":115,"column":55}},"94":{"start":{"line":116,"column":8},"end":{"line":116,"column":95}},"95":{"start":{"line":116,"column":21},"end":{"line":116,"column":50}},"96":{"start":{"line":117,"column":8},"end":{"line":117,"column":98}},"97":{"start":{"line":117,"column":21},"end":{"line":117,"column":48}},"98":{"start":{"line":118,"column":8},"end":{"line":118,"column":103}},"99":{"start":{"line":118,"column":21},"end":{"line":118,"column":53}},"100":{"start":{"line":123,"column":4},"end":{"line":123,"column":94}},"101":{"start":{"line":123,"column":16},"end":{"line":123,"column":93}}},"fnMap":{"0":{"name":"(anonymous_0)","decl":{"start":{"line":11,"column":32},"end":{"line":11,"column":33}},"loc":{"start":{"line":11,"column":38},"end":{"line":124,"column":1}},"line":11},"1":{"name":"(anonymous_1)","decl":{"start":{"line":12,"column":11},"end":{"line":12,"column":12}},"loc":{"start":{"line":12,"column":17},"end":{"line":12,"column":46}},"line":12},"2":{"name":"(anonymous_2)","decl":{"start":{"line":20,"column":15},"end":{"line":20,"column":16}},"loc":{"start":{"line":20,"column":26},"end":{"line":41,"column":5}},"line":20},"3":{"name":"(anonymous_3)","decl":{"start":{"line":43,"column":39},"end":{"line":43,"column":40}},"loc":{"start":{"line":43,"column":50},"end":{"line":56,"column":5}},"line":43},"4":{"name":"(anonymous_4)","decl":{"start":{"line":48,"column":30},"end":{"line":48,"column":31}},"loc":{"start":{"line":48,"column":41},"end":{"line":55,"column":9}},"line":48},"5":{"name":"(anonymous_5)","decl":{"start":{"line":58,"column":66},"end":{"line":58,"column":67}},"loc":{"start":{"line":58,"column":77},"end":{"line":70,"column":5}},"line":58},"6":{"name":"(anonymous_6)","decl":{"start":{"line":73,"column":66},"end":{"line":73,"column":67}},"loc":{"start":{"line":73,"column":77},"end":{"line":85,"column":5}},"line":73},"7":{"name":"(anonymous_7)","decl":{"start":{"line":88,"column":98},"end":{"line":88,"column":99}},"loc":{"start":{"line":88,"column":104},"end":{"line":120,"column":5}},"line":88},"8":{"name":"(anonymous_8)","decl":{"start":{"line":90,"column":15},"end":{"line":90,"column":16}},"loc":{"start":{"line":90,"column":21},"end":{"line":90,"column":34}},"line":90},"9":{"name":"(anonymous_9)","decl":{"start":{"line":91,"column":15},"end":{"line":91,"column":16}},"loc":{"start":{"line":91,"column":21},"end":{"line":91,"column":37}},"line":91},"10":{"name":"(anonymous_10)","decl":{"start":{"line":92,"column":15},"end":{"line":92,"column":16}},"loc":{"start":{"line":92,"column":21},"end":{"line":92,"column":35}},"line":92},"11":{"name":"(anonymous_11)","decl":{"start":{"line":93,"column":15},"end":{"line":93,"column":16}},"loc":{"start":{"line":93,"column":21},"end":{"line":93,"column":35}},"line":93},"12":{"name":"(anonymous_12)","decl":{"start":{"line":94,"column":15},"end":{"line":94,"column":16}},"loc":{"start":{"line":94,"column":21},"end":{"line":94,"column":42}},"line":94},"13":{"name":"(anonymous_13)","decl":{"start":{"line":95,"column":15},"end":{"line":95,"column":16}},"loc":{"start":{"line":95,"column":21},"end":{"line":95,"column":37}},"line":95},"14":{"name":"(anonymous_14)","decl":{"start":{"line":96,"column":15},"end":{"line":96,"column":16}},"loc":{"start":{"line":96,"column":21},"end":{"line":96,"column":35}},"line":96},"15":{"name":"(anonymous_15)","decl":{"start":{"line":97,"column":15},"end":{"line":97,"column":16}},"loc":{"start":{"line":97,"column":21},"end":{"line":97,"column":40}},"line":97},"16":{"name":"(anonymous_16)","decl":{"start":{"line":100,"column":15},"end":{"line":100,"column":16}},"loc":{"start":{"line":100,"column":21},"end":{"line":100,"column":42}},"line":100},"17":{"name":"(anonymous_17)","decl":{"start":{"line":101,"column":15},"end":{"line":101,"column":16}},"loc":{"start":{"line":101,"column":21},"end":{"line":101,"column":45}},"line":101},"18":{"name":"(anonymous_18)","decl":{"start":{"line":102,"column":15},"end":{"line":102,"column":16}},"loc":{"start":{"line":102,"column":21},"end":{"line":102,"column":43}},"line":102},"19":{"name":"(anonymous_19)","decl":{"start":{"line":103,"column":15},"end":{"line":103,"column":16}},"loc":{"start":{"line":103,"column":21},"end":{"line":103,"column":43}},"line":103},"20":{"name":"(anonymous_20)","decl":{"start":{"line":104,"column":15},"end":{"line":104,"column":16}},"loc":{"start":{"line":104,"column":21},"end":{"line":104,"column":50}},"line":104},"21":{"name":"(anonymous_21)","decl":{"start":{"line":105,"column":15},"end":{"line":105,"column":16}},"loc":{"start":{"line":105,"column":21},"end":{"line":105,"column":45}},"line":105},"22":{"name":"(anonymous_22)","decl":{"start":{"line":106,"column":15},"end":{"line":106,"column":16}},"loc":{"start":{"line":106,"column":21},"end":{"line":106,"column":43}},"line":106},"23":{"name":"(anonymous_23)","decl":{"start":{"line":107,"column":15},"end":{"line":107,"column":16}},"loc":{"start":{"line":107,"column":21},"end":{"line":107,"column":48}},"line":107},"24":{"name":"(anonymous_24)","decl":{"start":{"line":111,"column":15},"end":{"line":111,"column":16}},"loc":{"start":{"line":111,"column":21},"end":{"line":111,"column":47}},"line":111},"25":{"name":"(anonymous_25)","decl":{"start":{"line":112,"column":15},"end":{"line":112,"column":16}},"loc":{"start":{"line":112,"column":21},"end":{"line":112,"column":50}},"line":112},"26":{"name":"(anonymous_26)","decl":{"start":{"line":113,"column":15},"end":{"line":113,"column":16}},"loc":{"start":{"line":113,"column":21},"end":{"line":113,"column":48}},"line":113},"27":{"name":"(anonymous_27)","decl":{"start":{"line":114,"column":15},"end":{"line":114,"column":16}},"loc":{"start":{"line":114,"column":21},"end":{"line":114,"column":48}},"line":114},"28":{"name":"(anonymous_28)","decl":{"start":{"line":115,"column":15},"end":{"line":115,"column":16}},"loc":{"start":{"line":115,"column":21},"end":{"line":115,"column":55}},"line":115},"29":{"name":"(anonymous_29)","decl":{"start":{"line":116,"column":15},"end":{"line":116,"column":16}},"loc":{"start":{"line":116,"column":21},"end":{"line":116,"column":50}},"line":116},"30":{"name":"(anonymous_30)","decl":{"start":{"line":117,"column":15},"end":{"line":117,"column":16}},"loc":{"start":{"line":117,"column":21},"end":{"line":117,"column":48}},"line":117},"31":{"name":"(anonymous_31)","decl":{"start":{"line":118,"column":15},"end":{"line":118,"column":16}},"loc":{"start":{"line":118,"column":21},"end":{"line":118,"column":53}},"line":118},"32":{"name":"(anonymous_32)","decl":{"start":{"line":123,"column":10},"end":{"line":123,"column":11}},"loc":{"start":{"line":123,"column":16},"end":{"line":123,"column":93}},"line":123}},"branchMap":{"0":{"loc":{"start":{"line":49,"column":12},"end":{"line":54,"column":13}},"type":"if","locations":[{"start":{"line":49,"column":12},"end":{"line":54,"column":13}},{"start":{"line":49,"column":12},"end":{"line":54,"column":13}}],"line":49}},"s":{"0":1,"1":1,"2":1,"3":1,"4":1,"5":1,"6":1,"7":1,"8":1,"9":1,"10":1,"11":1,"12":1,"13":4,"14":4,"15":4,"16":4,"17":4,"18":4,"19":4,"20":4,"21":4,"22":4,"23":4,"24":4,"25":4,"26":1,"27":1,"28":1,"29":1,"30":1,"31":1,"32":1,"33":1,"34":1,"35":1,"36":1,"37":1,"38":1,"39":0,"40":1,"41":1,"42":1,"43":1,"44":1,"45":1,"46":1,"47":0,"48":1,"49":1,"50":1,"51":1,"52":1,"53":1,"54":1,"55":1,"56":1,"57":1,"58":1,"59":1,"60":1,"61":1,"62":1,"63":1,"64":1,"65":1,"66":1,"67":1,"68":1,"69":1,"70":1,"71":1,"72":1,"73":1,"74":1,"75":1,"76":1,"77":1,"78":1,"79":1,"80":1,"81":1,"82":1,"83":1,"84":1,"85":1,"86":1,"87":1,"88":1,"89":1,"90":1,"91":1,"92":1,"93":1,"94":1,"95":1,"96":1,"97":1,"98":1,"99":1,"100":1,"101":1},"f":{"0":1,"1":1,"2":4,"3":1,"4":1,"5":1,"6":1,"7":1,"8":1,"9":1,"10":1,"11":1,"12":1,"13":1,"14":1,"15":1,"16":1,"17":1,"18":1,"19":1,"20":1,"21":1,"22":1,"23":1,"24":1,"25":1,"26":1,"27":1,"28":1,"29":1,"30":1,"31":1,"32":1},"b":{"0":[1,0]},"_coverageSchema":"43e27e138ebf9cfc5966b082cf9a028302ed4184","hash":"c12c41005a97372f3239feaa267e2e34c8d4f937","contentHash":"0ec1d1da6825d42fea960183800d952ce8d06e67698ef541f3adbe0044885eb1"},"C:\\Users\\xavie\\bootcamp\\collab\\skylab-bootcamp-201909\\staff\\javier-sevilla\\skillpop\\skillpop-api\\logic\\add-message\\index.js":{"path":"C:\\Users\\xavie\\bootcamp\\collab\\skylab-bootcamp-201909\\staff\\javier-sevilla\\skillpop\\skillpop-api\\logic\\add-message\\index.js","statementMap":{"0":{"start":{"line":1,"column":54},"end":{"line":1,"column":78}},"1":{"start":{"line":2,"column":62},"end":{"line":2,"column":86}},"2":{"start":{"line":5,"column":0},"end":{"line":33,"column":1}},"3":{"start":{"line":6,"column":4},"end":{"line":6,"column":27}},"4":{"start":{"line":7,"column":4},"end":{"line":7,"column":45}},"5":{"start":{"line":8,"column":4},"end":{"line":8,"column":88}},"6":{"start":{"line":8,"column":35},"end":{"line":8,"column":88}},"7":{"start":{"line":10,"column":4},"end":{"line":10,"column":27}},"8":{"start":{"line":11,"column":4},"end":{"line":11,"column":45}},"9":{"start":{"line":12,"column":4},"end":{"line":12,"column":88}},"10":{"start":{"line":12,"column":35},"end":{"line":12,"column":88}},"11":{"start":{"line":14,"column":4},"end":{"line":14,"column":25}},"12":{"start":{"line":15,"column":4},"end":{"line":15,"column":41}},"13":{"start":{"line":18,"column":4},"end":{"line":32,"column":8}},"14":{"start":{"line":20,"column":21},"end":{"line":20,"column":48}},"15":{"start":{"line":21,"column":8},"end":{"line":21,"column":78}},"16":{"start":{"line":21,"column":19},"end":{"line":21,"column":78}},"17":{"start":{"line":23,"column":21},"end":{"line":23,"column":48}},"18":{"start":{"line":24,"column":8},"end":{"line":24,"column":78}},"19":{"start":{"line":24,"column":19},"end":{"line":24,"column":78}},"20":{"start":{"line":26,"column":24},"end":{"line":26,"column":75}},"21":{"start":{"line":27,"column":8},"end":{"line":27,"column":35}},"22":{"start":{"line":28,"column":8},"end":{"line":28,"column":25}},"23":{"start":{"line":30,"column":8},"end":{"line":30,"column":25}}},"fnMap":{"0":{"name":"(anonymous_0)","decl":{"start":{"line":5,"column":17},"end":{"line":5,"column":18}},"loc":{"start":{"line":5,"column":48},"end":{"line":33,"column":1}},"line":5},"1":{"name":"(anonymous_1)","decl":{"start":{"line":18,"column":12},"end":{"line":18,"column":13}},"loc":{"start":{"line":18,"column":23},"end":{"line":32,"column":5}},"line":18}},"branchMap":{"0":{"loc":{"start":{"line":8,"column":4},"end":{"line":8,"column":88}},"type":"if","locations":[{"start":{"line":8,"column":4},"end":{"line":8,"column":88}},{"start":{"line":8,"column":4},"end":{"line":8,"column":88}}],"line":8},"1":{"loc":{"start":{"line":12,"column":4},"end":{"line":12,"column":88}},"type":"if","locations":[{"start":{"line":12,"column":4},"end":{"line":12,"column":88}},{"start":{"line":12,"column":4},"end":{"line":12,"column":88}}],"line":12},"2":{"loc":{"start":{"line":21,"column":8},"end":{"line":21,"column":78}},"type":"if","locations":[{"start":{"line":21,"column":8},"end":{"line":21,"column":78}},{"start":{"line":21,"column":8},"end":{"line":21,"column":78}}],"line":21},"3":{"loc":{"start":{"line":24,"column":8},"end":{"line":24,"column":78}},"type":"if","locations":[{"start":{"line":24,"column":8},"end":{"line":24,"column":78}},{"start":{"line":24,"column":8},"end":{"line":24,"column":78}}],"line":24}},"s":{"0":1,"1":1,"2":1,"3":27,"4":21,"5":19,"6":0,"7":19,"8":13,"9":11,"10":0,"11":11,"12":5,"13":3,"14":3,"15":3,"16":1,"17":2,"18":2,"19":1,"20":1,"21":1,"22":1,"23":1},"f":{"0":27,"1":3},"b":{"0":[0,19],"1":[0,11],"2":[1,2],"3":[1,1]},"_coverageSchema":"43e27e138ebf9cfc5966b082cf9a028302ed4184","hash":"53116f8971d2776aebdb8cdea06601a5530bb431","contentHash":"3112ab6fa60601f9baad299b69e172c4474ada5d1178298f3965b09897408a0d"},"C:\\Users\\xavie\\bootcamp\\collab\\skylab-bootcamp-201909\\staff\\javier-sevilla\\skillpop\\skillpop-api\\logic\\authenticate-user\\index.spec.js":{"path":"C:\\Users\\xavie\\bootcamp\\collab\\skylab-bootcamp-201909\\staff\\javier-sevilla\\skillpop\\skillpop-api\\logic\\authenticate-user\\index.spec.js","statementMap":{"0":{"start":{"line":1,"column":0},"end":{"line":1,"column":26}},"1":{"start":{"line":2,"column":33},"end":{"line":2,"column":40}},"2":{"start":{"line":3,"column":19},"end":{"line":3,"column":34}},"3":{"start":{"line":4,"column":25},"end":{"line":4,"column":37}},"4":{"start":{"line":5,"column":19},"end":{"line":5,"column":23}},"5":{"start":{"line":6,"column":55},"end":{"line":6,"column":79}},"6":{"start":{"line":7,"column":39},"end":{"line":7,"column":63}},"7":{"start":{"line":8,"column":15},"end":{"line":8,"column":34}},"8":{"start":{"line":9,"column":13},"end":{"line":9,"column":15}},"9":{"start":{"line":11,"column":0},"end":{"line":104,"column":2}},"10":{"start":{"line":12,"column":4},"end":{"line":12,"column":47}},"11":{"start":{"line":12,"column":17},"end":{"line":12,"column":46}},"12":{"start":{"line":17,"column":4},"end":{"line":32,"column":6}},"13":{"start":{"line":18,"column":8},"end":{"line":18,"column":33}},"14":{"start":{"line":19,"column":8},"end":{"line":19,"column":39}},"15":{"start":{"line":20,"column":8},"end":{"line":20,"column":44}},"16":{"start":{"line":21,"column":8},"end":{"line":21,"column":26}},"17":{"start":{"line":22,"column":8},"end":{"line":22,"column":35}},"18":{"start":{"line":23,"column":8},"end":{"line":23,"column":41}},"19":{"start":{"line":25,"column":8},"end":{"line":25,"column":31}},"20":{"start":{"line":27,"column":8},"end":{"line":27,"column":48}},"21":{"start":{"line":29,"column":21},"end":{"line":29,"column":95}},"22":{"start":{"line":31,"column":8},"end":{"line":31,"column":20}},"23":{"start":{"line":34,"column":4},"end":{"line":43,"column":6}},"24":{"start":{"line":36,"column":23},"end":{"line":36,"column":62}},"25":{"start":{"line":38,"column":8},"end":{"line":38,"column":31}},"26":{"start":{"line":39,"column":8},"end":{"line":39,"column":48}},"27":{"start":{"line":40,"column":8},"end":{"line":40,"column":50}},"28":{"start":{"line":42,"column":8},"end":{"line":42,"column":35}},"29":{"start":{"line":45,"column":4},"end":{"line":77,"column":6}},"30":{"start":{"line":46,"column":8},"end":{"line":60,"column":10}},"31":{"start":{"line":47,"column":26},"end":{"line":47,"column":43}},"32":{"start":{"line":49,"column":12},"end":{"line":59,"column":13}},"33":{"start":{"line":50,"column":16},"end":{"line":50,"column":55}},"34":{"start":{"line":52,"column":16},"end":{"line":52,"column":62}},"35":{"start":{"line":54,"column":16},"end":{"line":54,"column":38}},"36":{"start":{"line":55,"column":16},"end":{"line":55,"column":67}},"37":{"start":{"line":57,"column":36},"end":{"line":57,"column":41}},"38":{"start":{"line":58,"column":16},"end":{"line":58,"column":61}},"39":{"start":{"line":62,"column":8},"end":{"line":76,"column":10}},"40":{"start":{"line":63,"column":29},"end":{"line":63,"column":36}},"41":{"start":{"line":65,"column":12},"end":{"line":75,"column":13}},"42":{"start":{"line":66,"column":16},"end":{"line":66,"column":55}},"43":{"start":{"line":68,"column":16},"end":{"line":68,"column":62}},"44":{"start":{"line":70,"column":16},"end":{"line":70,"column":38}},"45":{"start":{"line":71,"column":16},"end":{"line":71,"column":67}},"46":{"start":{"line":73,"column":36},"end":{"line":73,"column":41}},"47":{"start":{"line":74,"column":16},"end":{"line":74,"column":61}},"48":{"start":{"line":79,"column":4},"end":{"line":99,"column":6}},"49":{"start":{"line":80,"column":8},"end":{"line":80,"column":82}},"50":{"start":{"line":80,"column":21},"end":{"line":80,"column":40}},"51":{"start":{"line":81,"column":8},"end":{"line":81,"column":88}},"52":{"start":{"line":81,"column":21},"end":{"line":81,"column":43}},"53":{"start":{"line":82,"column":8},"end":{"line":82,"column":82}},"54":{"start":{"line":82,"column":21},"end":{"line":82,"column":41}},"55":{"start":{"line":83,"column":8},"end":{"line":83,"column":97}},"56":{"start":{"line":83,"column":21},"end":{"line":83,"column":41}},"57":{"start":{"line":84,"column":8},"end":{"line":84,"column":98}},"58":{"start":{"line":84,"column":21},"end":{"line":84,"column":48}},"59":{"start":{"line":85,"column":8},"end":{"line":85,"column":88}},"60":{"start":{"line":85,"column":21},"end":{"line":85,"column":43}},"61":{"start":{"line":87,"column":8},"end":{"line":87,"column":93}},"62":{"start":{"line":87,"column":21},"end":{"line":87,"column":41}},"63":{"start":{"line":88,"column":8},"end":{"line":88,"column":98}},"64":{"start":{"line":88,"column":21},"end":{"line":88,"column":46}},"65":{"start":{"line":90,"column":8},"end":{"line":90,"column":89}},"66":{"start":{"line":90,"column":21},"end":{"line":90,"column":47}},"67":{"start":{"line":91,"column":8},"end":{"line":91,"column":95}},"68":{"start":{"line":91,"column":21},"end":{"line":91,"column":50}},"69":{"start":{"line":92,"column":8},"end":{"line":92,"column":89}},"70":{"start":{"line":92,"column":21},"end":{"line":92,"column":48}},"71":{"start":{"line":93,"column":8},"end":{"line":93,"column":104}},"72":{"start":{"line":93,"column":21},"end":{"line":93,"column":48}},"73":{"start":{"line":94,"column":8},"end":{"line":94,"column":105}},"74":{"start":{"line":94,"column":21},"end":{"line":94,"column":55}},"75":{"start":{"line":95,"column":8},"end":{"line":95,"column":95}},"76":{"start":{"line":95,"column":21},"end":{"line":95,"column":50}},"77":{"start":{"line":97,"column":8},"end":{"line":97,"column":102}},"78":{"start":{"line":97,"column":21},"end":{"line":97,"column":48}},"79":{"start":{"line":98,"column":8},"end":{"line":98,"column":107}},"80":{"start":{"line":98,"column":21},"end":{"line":98,"column":53}},"81":{"start":{"line":103,"column":4},"end":{"line":103,"column":60}},"82":{"start":{"line":103,"column":16},"end":{"line":103,"column":59}}},"fnMap":{"0":{"name":"(anonymous_0)","decl":{"start":{"line":11,"column":38},"end":{"line":11,"column":39}},"loc":{"start":{"line":11,"column":44},"end":{"line":104,"column":1}},"line":11},"1":{"name":"(anonymous_1)","decl":{"start":{"line":12,"column":11},"end":{"line":12,"column":12}},"loc":{"start":{"line":12,"column":17},"end":{"line":12,"column":46}},"line":12},"2":{"name":"(anonymous_2)","decl":{"start":{"line":17,"column":15},"end":{"line":17,"column":16}},"loc":{"start":{"line":17,"column":27},"end":{"line":32,"column":5}},"line":17},"3":{"name":"(anonymous_3)","decl":{"start":{"line":34,"column":48},"end":{"line":34,"column":49}},"loc":{"start":{"line":34,"column":60},"end":{"line":43,"column":5}},"line":34},"4":{"name":"(anonymous_4)","decl":{"start":{"line":45,"column":39},"end":{"line":45,"column":40}},"loc":{"start":{"line":45,"column":45},"end":{"line":77,"column":5}},"line":45},"5":{"name":"(anonymous_5)","decl":{"start":{"line":46,"column":41},"end":{"line":46,"column":42}},"loc":{"start":{"line":46,"column":53},"end":{"line":60,"column":9}},"line":46},"6":{"name":"(anonymous_6)","decl":{"start":{"line":62,"column":44},"end":{"line":62,"column":45}},"loc":{"start":{"line":62,"column":56},"end":{"line":76,"column":9}},"line":62},"7":{"name":"(anonymous_7)","decl":{"start":{"line":79,"column":98},"end":{"line":79,"column":99}},"loc":{"start":{"line":79,"column":104},"end":{"line":99,"column":5}},"line":79},"8":{"name":"(anonymous_8)","decl":{"start":{"line":80,"column":15},"end":{"line":80,"column":16}},"loc":{"start":{"line":80,"column":21},"end":{"line":80,"column":40}},"line":80},"9":{"name":"(anonymous_9)","decl":{"start":{"line":81,"column":15},"end":{"line":81,"column":16}},"loc":{"start":{"line":81,"column":21},"end":{"line":81,"column":43}},"line":81},"10":{"name":"(anonymous_10)","decl":{"start":{"line":82,"column":15},"end":{"line":82,"column":16}},"loc":{"start":{"line":82,"column":21},"end":{"line":82,"column":41}},"line":82},"11":{"name":"(anonymous_11)","decl":{"start":{"line":83,"column":15},"end":{"line":83,"column":16}},"loc":{"start":{"line":83,"column":21},"end":{"line":83,"column":41}},"line":83},"12":{"name":"(anonymous_12)","decl":{"start":{"line":84,"column":15},"end":{"line":84,"column":16}},"loc":{"start":{"line":84,"column":21},"end":{"line":84,"column":48}},"line":84},"13":{"name":"(anonymous_13)","decl":{"start":{"line":85,"column":15},"end":{"line":85,"column":16}},"loc":{"start":{"line":85,"column":21},"end":{"line":85,"column":43}},"line":85},"14":{"name":"(anonymous_14)","decl":{"start":{"line":87,"column":15},"end":{"line":87,"column":16}},"loc":{"start":{"line":87,"column":21},"end":{"line":87,"column":41}},"line":87},"15":{"name":"(anonymous_15)","decl":{"start":{"line":88,"column":15},"end":{"line":88,"column":16}},"loc":{"start":{"line":88,"column":21},"end":{"line":88,"column":46}},"line":88},"16":{"name":"(anonymous_16)","decl":{"start":{"line":90,"column":15},"end":{"line":90,"column":16}},"loc":{"start":{"line":90,"column":21},"end":{"line":90,"column":47}},"line":90},"17":{"name":"(anonymous_17)","decl":{"start":{"line":91,"column":15},"end":{"line":91,"column":16}},"loc":{"start":{"line":91,"column":21},"end":{"line":91,"column":50}},"line":91},"18":{"name":"(anonymous_18)","decl":{"start":{"line":92,"column":15},"end":{"line":92,"column":16}},"loc":{"start":{"line":92,"column":21},"end":{"line":92,"column":48}},"line":92},"19":{"name":"(anonymous_19)","decl":{"start":{"line":93,"column":15},"end":{"line":93,"column":16}},"loc":{"start":{"line":93,"column":21},"end":{"line":93,"column":48}},"line":93},"20":{"name":"(anonymous_20)","decl":{"start":{"line":94,"column":15},"end":{"line":94,"column":16}},"loc":{"start":{"line":94,"column":21},"end":{"line":94,"column":55}},"line":94},"21":{"name":"(anonymous_21)","decl":{"start":{"line":95,"column":15},"end":{"line":95,"column":16}},"loc":{"start":{"line":95,"column":21},"end":{"line":95,"column":50}},"line":95},"22":{"name":"(anonymous_22)","decl":{"start":{"line":97,"column":15},"end":{"line":97,"column":16}},"loc":{"start":{"line":97,"column":21},"end":{"line":97,"column":48}},"line":97},"23":{"name":"(anonymous_23)","decl":{"start":{"line":98,"column":15},"end":{"line":98,"column":16}},"loc":{"start":{"line":98,"column":21},"end":{"line":98,"column":53}},"line":98},"24":{"name":"(anonymous_24)","decl":{"start":{"line":103,"column":10},"end":{"line":103,"column":11}},"loc":{"start":{"line":103,"column":16},"end":{"line":103,"column":59}},"line":103}},"branchMap":{},"s":{"0":1,"1":1,"2":1,"3":1,"4":1,"5":1,"6":1,"7":1,"8":1,"9":1,"10":1,"11":1,"12":1,"13":4,"14":4,"15":4,"16":4,"17":4,"18":4,"19":4,"20":4,"21":4,"22":4,"23":1,"24":1,"25":1,"26":1,"27":1,"28":1,"29":1,"30":1,"31":1,"32":1,"33":1,"34":0,"35":1,"36":1,"37":1,"38":1,"39":1,"40":1,"41":1,"42":1,"43":0,"44":1,"45":1,"46":1,"47":1,"48":1,"49":1,"50":1,"51":1,"52":1,"53":1,"54":1,"55":1,"56":1,"57":1,"58":1,"59":1,"60":1,"61":1,"62":1,"63":1,"64":1,"65":1,"66":1,"67":1,"68":1,"69":1,"70":1,"71":1,"72":1,"73":1,"74":1,"75":1,"76":1,"77":1,"78":1,"79":1,"80":1,"81":1,"82":1},"f":{"0":1,"1":1,"2":4,"3":1,"4":1,"5":1,"6":1,"7":1,"8":1,"9":1,"10":1,"11":1,"12":1,"13":1,"14":1,"15":1,"16":1,"17":1,"18":1,"19":1,"20":1,"21":1,"22":1,"23":1,"24":1},"b":{},"_coverageSchema":"43e27e138ebf9cfc5966b082cf9a028302ed4184","hash":"cfab54e6a25883f811dca3e581773a0b82480136","contentHash":"73873b7d5dbfe847a3d6dd12259d4ed3f91f3e9cbbc40311814120c7e62673b7"},"C:\\Users\\xavie\\bootcamp\\collab\\skylab-bootcamp-201909\\staff\\javier-sevilla\\skillpop\\skillpop-api\\logic\\authenticate-user\\index.js":{"path":"C:\\Users\\xavie\\bootcamp\\collab\\skylab-bootcamp-201909\\staff\\javier-sevilla\\skillpop\\skillpop-api\\logic\\authenticate-user\\index.js","statementMap":{"0":{"start":{"line":1,"column":51},"end":{"line":1,"column":75}},"1":{"start":{"line":2,"column":29},"end":{"line":2,"column":53}},"2":{"start":{"line":3,"column":15},"end":{"line":3,"column":34}},"3":{"start":{"line":4,"column":13},"end":{"line":4,"column":15}},"4":{"start":{"line":6,"column":0},"end":{"line":28,"column":1}},"5":{"start":{"line":7,"column":4},"end":{"line":7,"column":26}},"6":{"start":{"line":8,"column":4},"end":{"line":8,"column":44}},"7":{"start":{"line":9,"column":4},"end":{"line":9,"column":25}},"8":{"start":{"line":10,"column":4},"end":{"line":10,"column":29}},"9":{"start":{"line":11,"column":4},"end":{"line":11,"column":49}},"10":{"start":{"line":13,"column":4},"end":{"line":27,"column":8}},"11":{"start":{"line":14,"column":21},"end":{"line":14,"column":50}},"12":{"start":{"line":16,"column":8},"end":{"line":16,"column":66}},"13":{"start":{"line":16,"column":19},"end":{"line":16,"column":66}},"14":{"start":{"line":18,"column":22},"end":{"line":18,"column":67}},"15":{"start":{"line":20,"column":8},"end":{"line":20,"column":67}},"16":{"start":{"line":20,"column":20},"end":{"line":20,"column":67}},"17":{"start":{"line":22,"column":8},"end":{"line":22,"column":34}},"18":{"start":{"line":24,"column":8},"end":{"line":24,"column":25}},"19":{"start":{"line":26,"column":8},"end":{"line":26,"column":22}}},"fnMap":{"0":{"name":"(anonymous_0)","decl":{"start":{"line":6,"column":17},"end":{"line":6,"column":18}},"loc":{"start":{"line":6,"column":44},"end":{"line":28,"column":1}},"line":6},"1":{"name":"(anonymous_1)","decl":{"start":{"line":13,"column":12},"end":{"line":13,"column":13}},"loc":{"start":{"line":13,"column":24},"end":{"line":27,"column":5}},"line":13}},"branchMap":{"0":{"loc":{"start":{"line":16,"column":8},"end":{"line":16,"column":66}},"type":"if","locations":[{"start":{"line":16,"column":8},"end":{"line":16,"column":66}},{"start":{"line":16,"column":8},"end":{"line":16,"column":66}}],"line":16},"1":{"loc":{"start":{"line":20,"column":8},"end":{"line":20,"column":67}},"type":"if","locations":[{"start":{"line":20,"column":8},"end":{"line":20,"column":67}},{"start":{"line":20,"column":8},"end":{"line":20,"column":67}}],"line":20}},"s":{"0":1,"1":1,"2":1,"3":1,"4":1,"5":19,"6":13,"7":11,"8":11,"9":5,"10":3,"11":3,"12":3,"13":1,"14":2,"15":2,"16":1,"17":1,"18":1,"19":1},"f":{"0":19,"1":3},"b":{"0":[1,2],"1":[1,1]},"_coverageSchema":"43e27e138ebf9cfc5966b082cf9a028302ed4184","hash":"62fb762996dee1db74898514021a63ec67c1230a","contentHash":"2c91e0967d0ec33a4778f9ade82a54660f1ec019decfbd43d5b29be2771ed041"},"C:\\Users\\xavie\\bootcamp\\collab\\skylab-bootcamp-201909\\staff\\javier-sevilla\\skillpop\\skillpop-api\\logic\\create-ad\\index.spec.js":{"path":"C:\\Users\\xavie\\bootcamp\\collab\\skylab-bootcamp-201909\\staff\\javier-sevilla\\skillpop\\skillpop-api\\logic\\create-ad\\index.spec.js","statementMap":{"0":{"start":{"line":1,"column":0},"end":{"line":1,"column":26}},"1":{"start":{"line":2,"column":33},"end":{"line":2,"column":40}},"2":{"start":{"line":3,"column":19},"end":{"line":3,"column":34}},"3":{"start":{"line":4,"column":17},"end":{"line":4,"column":29}},"4":{"start":{"line":5,"column":19},"end":{"line":5,"column":23}},"5":{"start":{"line":6,"column":37},"end":{"line":6,"column":61}},"6":{"start":{"line":7,"column":43},"end":{"line":7,"column":67}},"7":{"start":{"line":8,"column":15},"end":{"line":8,"column":34}},"8":{"start":{"line":9,"column":13},"end":{"line":9,"column":15}},"9":{"start":{"line":11,"column":0},"end":{"line":118,"column":2}},"10":{"start":{"line":12,"column":4},"end":{"line":12,"column":47}},"11":{"start":{"line":12,"column":17},"end":{"line":12,"column":46}},"12":{"start":{"line":17,"column":4},"end":{"line":37,"column":6}},"13":{"start":{"line":18,"column":8},"end":{"line":18,"column":33}},"14":{"start":{"line":19,"column":8},"end":{"line":19,"column":39}},"15":{"start":{"line":20,"column":8},"end":{"line":20,"column":26}},"16":{"start":{"line":21,"column":8},"end":{"line":21,"column":35}},"17":{"start":{"line":22,"column":8},"end":{"line":22,"column":44}},"18":{"start":{"line":23,"column":8},"end":{"line":23,"column":41}},"19":{"start":{"line":25,"column":8},"end":{"line":25,"column":63}},"20":{"start":{"line":27,"column":8},"end":{"line":27,"column":48}},"21":{"start":{"line":29,"column":21},"end":{"line":29,"column":95}},"22":{"start":{"line":31,"column":8},"end":{"line":31,"column":20}},"23":{"start":{"line":33,"column":8},"end":{"line":33,"column":35}},"24":{"start":{"line":34,"column":8},"end":{"line":34,"column":47}},"25":{"start":{"line":35,"column":8},"end":{"line":35,"column":35}},"26":{"start":{"line":36,"column":8},"end":{"line":36,"column":24}},"27":{"start":{"line":39,"column":4},"end":{"line":55,"column":6}},"28":{"start":{"line":40,"column":21},"end":{"line":40,"column":66}},"29":{"start":{"line":42,"column":8},"end":{"line":42,"column":29}},"30":{"start":{"line":43,"column":8},"end":{"line":43,"column":38}},"31":{"start":{"line":44,"column":8},"end":{"line":44,"column":50}},"32":{"start":{"line":46,"column":19},"end":{"line":46,"column":42}},"33":{"start":{"line":48,"column":8},"end":{"line":48,"column":27}},"34":{"start":{"line":49,"column":8},"end":{"line":49,"column":47}},"35":{"start":{"line":50,"column":8},"end":{"line":50,"column":40}},"36":{"start":{"line":51,"column":8},"end":{"line":51,"column":52}},"37":{"start":{"line":52,"column":8},"end":{"line":52,"column":40}},"38":{"start":{"line":53,"column":8},"end":{"line":53,"column":32}},"39":{"start":{"line":54,"column":8},"end":{"line":54,"column":46}},"40":{"start":{"line":57,"column":4},"end":{"line":73,"column":6}},"41":{"start":{"line":58,"column":8},"end":{"line":72,"column":10}},"42":{"start":{"line":59,"column":23},"end":{"line":59,"column":49}},"43":{"start":{"line":60,"column":12},"end":{"line":71,"column":13}},"44":{"start":{"line":61,"column":16},"end":{"line":61,"column":61}},"45":{"start":{"line":63,"column":16},"end":{"line":63,"column":58}},"46":{"start":{"line":65,"column":16},"end":{"line":65,"column":38}},"47":{"start":{"line":67,"column":16},"end":{"line":67,"column":46}},"48":{"start":{"line":68,"column":16},"end":{"line":68,"column":63}},"49":{"start":{"line":69,"column":16},"end":{"line":69,"column":65}},"50":{"start":{"line":70,"column":16},"end":{"line":70,"column":78}},"51":{"start":{"line":75,"column":4},"end":{"line":113,"column":6}},"52":{"start":{"line":76,"column":8},"end":{"line":76,"column":74}},"53":{"start":{"line":76,"column":21},"end":{"line":76,"column":32}},"54":{"start":{"line":77,"column":8},"end":{"line":77,"column":80}},"55":{"start":{"line":77,"column":21},"end":{"line":77,"column":35}},"56":{"start":{"line":78,"column":8},"end":{"line":78,"column":74}},"57":{"start":{"line":78,"column":21},"end":{"line":78,"column":33}},"58":{"start":{"line":79,"column":8},"end":{"line":79,"column":89}},"59":{"start":{"line":79,"column":21},"end":{"line":79,"column":33}},"60":{"start":{"line":80,"column":8},"end":{"line":80,"column":90}},"61":{"start":{"line":80,"column":21},"end":{"line":80,"column":40}},"62":{"start":{"line":81,"column":8},"end":{"line":81,"column":80}},"63":{"start":{"line":81,"column":21},"end":{"line":81,"column":35}},"64":{"start":{"line":83,"column":8},"end":{"line":83,"column":81}},"65":{"start":{"line":83,"column":21},"end":{"line":83,"column":33}},"66":{"start":{"line":84,"column":8},"end":{"line":84,"column":86}},"67":{"start":{"line":84,"column":21},"end":{"line":84,"column":38}},"68":{"start":{"line":86,"column":8},"end":{"line":86,"column":78}},"69":{"start":{"line":86,"column":21},"end":{"line":86,"column":36}},"70":{"start":{"line":87,"column":8},"end":{"line":87,"column":84}},"71":{"start":{"line":87,"column":21},"end":{"line":87,"column":39}},"72":{"start":{"line":88,"column":8},"end":{"line":88,"column":78}},"73":{"start":{"line":88,"column":21},"end":{"line":88,"column":37}},"74":{"start":{"line":89,"column":8},"end":{"line":89,"column":93}},"75":{"start":{"line":89,"column":21},"end":{"line":89,"column":37}},"76":{"start":{"line":90,"column":8},"end":{"line":90,"column":94}},"77":{"start":{"line":90,"column":21},"end":{"line":90,"column":44}},"78":{"start":{"line":91,"column":8},"end":{"line":91,"column":84}},"79":{"start":{"line":91,"column":21},"end":{"line":91,"column":39}},"80":{"start":{"line":93,"column":8},"end":{"line":93,"column":88}},"81":{"start":{"line":93,"column":21},"end":{"line":93,"column":37}},"82":{"start":{"line":94,"column":8},"end":{"line":94,"column":93}},"83":{"start":{"line":94,"column":21},"end":{"line":94,"column":42}},"84":{"start":{"line":96,"column":8},"end":{"line":96,"column":85}},"85":{"start":{"line":96,"column":21},"end":{"line":96,"column":43}},"86":{"start":{"line":97,"column":8},"end":{"line":97,"column":91}},"87":{"start":{"line":97,"column":21},"end":{"line":97,"column":46}},"88":{"start":{"line":98,"column":8},"end":{"line":98,"column":85}},"89":{"start":{"line":98,"column":21},"end":{"line":98,"column":44}},"90":{"start":{"line":99,"column":8},"end":{"line":99,"column":100}},"91":{"start":{"line":99,"column":21},"end":{"line":99,"column":44}},"92":{"start":{"line":100,"column":8},"end":{"line":100,"column":101}},"93":{"start":{"line":100,"column":21},"end":{"line":100,"column":51}},"94":{"start":{"line":101,"column":8},"end":{"line":101,"column":91}},"95":{"start":{"line":101,"column":21},"end":{"line":101,"column":46}},"96":{"start":{"line":103,"column":8},"end":{"line":103,"column":101}},"97":{"start":{"line":103,"column":21},"end":{"line":103,"column":44}},"98":{"start":{"line":104,"column":8},"end":{"line":104,"column":106}},"99":{"start":{"line":104,"column":21},"end":{"line":104,"column":49}},"100":{"start":{"line":106,"column":8},"end":{"line":106,"column":100}},"101":{"start":{"line":106,"column":21},"end":{"line":106,"column":58}},"102":{"start":{"line":107,"column":8},"end":{"line":107,"column":104}},"103":{"start":{"line":107,"column":21},"end":{"line":107,"column":59}},"104":{"start":{"line":108,"column":8},"end":{"line":108,"column":98}},"105":{"start":{"line":108,"column":21},"end":{"line":108,"column":57}},"106":{"start":{"line":109,"column":8},"end":{"line":109,"column":113}},"107":{"start":{"line":109,"column":21},"end":{"line":109,"column":57}},"108":{"start":{"line":110,"column":8},"end":{"line":110,"column":114}},"109":{"start":{"line":110,"column":21},"end":{"line":110,"column":64}},"110":{"start":{"line":111,"column":8},"end":{"line":111,"column":104}},"111":{"start":{"line":111,"column":21},"end":{"line":111,"column":59}},"112":{"start":{"line":117,"column":4},"end":{"line":117,"column":92}},"113":{"start":{"line":117,"column":16},"end":{"line":117,"column":91}}},"fnMap":{"0":{"name":"(anonymous_0)","decl":{"start":{"line":11,"column":31},"end":{"line":11,"column":32}},"loc":{"start":{"line":11,"column":37},"end":{"line":118,"column":1}},"line":11},"1":{"name":"(anonymous_1)","decl":{"start":{"line":12,"column":11},"end":{"line":12,"column":12}},"loc":{"start":{"line":12,"column":17},"end":{"line":12,"column":46}},"line":12},"2":{"name":"(anonymous_2)","decl":{"start":{"line":17,"column":15},"end":{"line":17,"column":16}},"loc":{"start":{"line":17,"column":27},"end":{"line":37,"column":5}},"line":17},"3":{"name":"(anonymous_3)","decl":{"start":{"line":39,"column":53},"end":{"line":39,"column":54}},"loc":{"start":{"line":39,"column":65},"end":{"line":55,"column":5}},"line":39},"4":{"name":"(anonymous_4)","decl":{"start":{"line":57,"column":37},"end":{"line":57,"column":38}},"loc":{"start":{"line":57,"column":43},"end":{"line":73,"column":5}},"line":57},"5":{"name":"(anonymous_5)","decl":{"start":{"line":58,"column":47},"end":{"line":58,"column":48}},"loc":{"start":{"line":58,"column":59},"end":{"line":72,"column":9}},"line":58},"6":{"name":"(anonymous_6)","decl":{"start":{"line":75,"column":84},"end":{"line":75,"column":85}},"loc":{"start":{"line":75,"column":90},"end":{"line":113,"column":5}},"line":75},"7":{"name":"(anonymous_7)","decl":{"start":{"line":76,"column":15},"end":{"line":76,"column":16}},"loc":{"start":{"line":76,"column":21},"end":{"line":76,"column":32}},"line":76},"8":{"name":"(anonymous_8)","decl":{"start":{"line":77,"column":15},"end":{"line":77,"column":16}},"loc":{"start":{"line":77,"column":21},"end":{"line":77,"column":35}},"line":77},"9":{"name":"(anonymous_9)","decl":{"start":{"line":78,"column":15},"end":{"line":78,"column":16}},"loc":{"start":{"line":78,"column":21},"end":{"line":78,"column":33}},"line":78},"10":{"name":"(anonymous_10)","decl":{"start":{"line":79,"column":15},"end":{"line":79,"column":16}},"loc":{"start":{"line":79,"column":21},"end":{"line":79,"column":33}},"line":79},"11":{"name":"(anonymous_11)","decl":{"start":{"line":80,"column":15},"end":{"line":80,"column":16}},"loc":{"start":{"line":80,"column":21},"end":{"line":80,"column":40}},"line":80},"12":{"name":"(anonymous_12)","decl":{"start":{"line":81,"column":15},"end":{"line":81,"column":16}},"loc":{"start":{"line":81,"column":21},"end":{"line":81,"column":35}},"line":81},"13":{"name":"(anonymous_13)","decl":{"start":{"line":83,"column":15},"end":{"line":83,"column":16}},"loc":{"start":{"line":83,"column":21},"end":{"line":83,"column":33}},"line":83},"14":{"name":"(anonymous_14)","decl":{"start":{"line":84,"column":15},"end":{"line":84,"column":16}},"loc":{"start":{"line":84,"column":21},"end":{"line":84,"column":38}},"line":84},"15":{"name":"(anonymous_15)","decl":{"start":{"line":86,"column":15},"end":{"line":86,"column":16}},"loc":{"start":{"line":86,"column":21},"end":{"line":86,"column":36}},"line":86},"16":{"name":"(anonymous_16)","decl":{"start":{"line":87,"column":15},"end":{"line":87,"column":16}},"loc":{"start":{"line":87,"column":21},"end":{"line":87,"column":39}},"line":87},"17":{"name":"(anonymous_17)","decl":{"start":{"line":88,"column":15},"end":{"line":88,"column":16}},"loc":{"start":{"line":88,"column":21},"end":{"line":88,"column":37}},"line":88},"18":{"name":"(anonymous_18)","decl":{"start":{"line":89,"column":15},"end":{"line":89,"column":16}},"loc":{"start":{"line":89,"column":21},"end":{"line":89,"column":37}},"line":89},"19":{"name":"(anonymous_19)","decl":{"start":{"line":90,"column":15},"end":{"line":90,"column":16}},"loc":{"start":{"line":90,"column":21},"end":{"line":90,"column":44}},"line":90},"20":{"name":"(anonymous_20)","decl":{"start":{"line":91,"column":15},"end":{"line":91,"column":16}},"loc":{"start":{"line":91,"column":21},"end":{"line":91,"column":39}},"line":91},"21":{"name":"(anonymous_21)","decl":{"start":{"line":93,"column":15},"end":{"line":93,"column":16}},"loc":{"start":{"line":93,"column":21},"end":{"line":93,"column":37}},"line":93},"22":{"name":"(anonymous_22)","decl":{"start":{"line":94,"column":15},"end":{"line":94,"column":16}},"loc":{"start":{"line":94,"column":21},"end":{"line":94,"column":42}},"line":94},"23":{"name":"(anonymous_23)","decl":{"start":{"line":96,"column":15},"end":{"line":96,"column":16}},"loc":{"start":{"line":96,"column":21},"end":{"line":96,"column":43}},"line":96},"24":{"name":"(anonymous_24)","decl":{"start":{"line":97,"column":15},"end":{"line":97,"column":16}},"loc":{"start":{"line":97,"column":21},"end":{"line":97,"column":46}},"line":97},"25":{"name":"(anonymous_25)","decl":{"start":{"line":98,"column":15},"end":{"line":98,"column":16}},"loc":{"start":{"line":98,"column":21},"end":{"line":98,"column":44}},"line":98},"26":{"name":"(anonymous_26)","decl":{"start":{"line":99,"column":15},"end":{"line":99,"column":16}},"loc":{"start":{"line":99,"column":21},"end":{"line":99,"column":44}},"line":99},"27":{"name":"(anonymous_27)","decl":{"start":{"line":100,"column":15},"end":{"line":100,"column":16}},"loc":{"start":{"line":100,"column":21},"end":{"line":100,"column":51}},"line":100},"28":{"name":"(anonymous_28)","decl":{"start":{"line":101,"column":15},"end":{"line":101,"column":16}},"loc":{"start":{"line":101,"column":21},"end":{"line":101,"column":46}},"line":101},"29":{"name":"(anonymous_29)","decl":{"start":{"line":103,"column":15},"end":{"line":103,"column":16}},"loc":{"start":{"line":103,"column":21},"end":{"line":103,"column":44}},"line":103},"30":{"name":"(anonymous_30)","decl":{"start":{"line":104,"column":15},"end":{"line":104,"column":16}},"loc":{"start":{"line":104,"column":21},"end":{"line":104,"column":49}},"line":104},"31":{"name":"(anonymous_31)","decl":{"start":{"line":106,"column":15},"end":{"line":106,"column":16}},"loc":{"start":{"line":106,"column":21},"end":{"line":106,"column":58}},"line":106},"32":{"name":"(anonymous_32)","decl":{"start":{"line":107,"column":15},"end":{"line":107,"column":16}},"loc":{"start":{"line":107,"column":21},"end":{"line":107,"column":59}},"line":107},"33":{"name":"(anonymous_33)","decl":{"start":{"line":108,"column":15},"end":{"line":108,"column":16}},"loc":{"start":{"line":108,"column":21},"end":{"line":108,"column":57}},"line":108},"34":{"name":"(anonymous_34)","decl":{"start":{"line":109,"column":15},"end":{"line":109,"column":16}},"loc":{"start":{"line":109,"column":21},"end":{"line":109,"column":57}},"line":109},"35":{"name":"(anonymous_35)","decl":{"start":{"line":110,"column":15},"end":{"line":110,"column":16}},"loc":{"start":{"line":110,"column":21},"end":{"line":110,"column":64}},"line":110},"36":{"name":"(anonymous_36)","decl":{"start":{"line":111,"column":15},"end":{"line":111,"column":16}},"loc":{"start":{"line":111,"column":21},"end":{"line":111,"column":59}},"line":111},"37":{"name":"(anonymous_37)","decl":{"start":{"line":117,"column":10},"end":{"line":117,"column":11}},"loc":{"start":{"line":117,"column":16},"end":{"line":117,"column":91}},"line":117}},"branchMap":{},"s":{"0":1,"1":1,"2":1,"3":1,"4":1,"5":1,"6":1,"7":1,"8":1,"9":1,"10":1,"11":1,"12":1,"13":3,"14":3,"15":3,"16":3,"17":3,"18":3,"19":3,"20":3,"21":3,"22":3,"23":3,"24":3,"25":3,"26":3,"27":1,"28":1,"29":1,"30":1,"31":1,"32":1,"33":1,"34":1,"35":1,"36":1,"37":1,"38":1,"39":1,"40":1,"41":1,"42":1,"43":1,"44":1,"45":0,"46":1,"47":1,"48":1,"49":1,"50":1,"51":1,"52":1,"53":1,"54":1,"55":1,"56":1,"57":1,"58":1,"59":1,"60":1,"61":1,"62":1,"63":1,"64":1,"65":1,"66":1,"67":1,"68":1,"69":1,"70":1,"71":1,"72":1,"73":1,"74":1,"75":1,"76":1,"77":1,"78":1,"79":1,"80":1,"81":1,"82":1,"83":1,"84":1,"85":1,"86":1,"87":1,"88":1,"89":1,"90":1,"91":1,"92":1,"93":1,"94":1,"95":1,"96":1,"97":1,"98":1,"99":1,"100":1,"101":1,"102":1,"103":1,"104":1,"105":1,"106":1,"107":1,"108":1,"109":1,"110":1,"111":1,"112":1,"113":1},"f":{"0":1,"1":1,"2":3,"3":1,"4":1,"5":1,"6":1,"7":1,"8":1,"9":1,"10":1,"11":1,"12":1,"13":1,"14":1,"15":1,"16":1,"17":1,"18":1,"19":1,"20":1,"21":1,"22":1,"23":1,"24":1,"25":1,"26":1,"27":1,"28":1,"29":1,"30":1,"31":1,"32":1,"33":1,"34":1,"35":1,"36":1,"37":1},"b":{},"_coverageSchema":"43e27e138ebf9cfc5966b082cf9a028302ed4184","hash":"cee4047545305665aac301b5cd03b61b939958bc","contentHash":"01536d068c6c8bba13ec9782d2b87039a3c3dbb65176a0773e429ba7672c276f"},"C:\\Users\\xavie\\bootcamp\\collab\\skylab-bootcamp-201909\\staff\\javier-sevilla\\skillpop\\skillpop-api\\logic\\create-ad\\index.js":{"path":"C:\\Users\\xavie\\bootcamp\\collab\\skylab-bootcamp-201909\\staff\\javier-sevilla\\skillpop\\skillpop-api\\logic\\create-ad\\index.js","statementMap":{"0":{"start":{"line":1,"column":62},"end":{"line":1,"column":86}},"1":{"start":{"line":2,"column":43},"end":{"line":2,"column":67}},"2":{"start":{"line":4,"column":0},"end":{"line":24,"column":1}},"3":{"start":{"line":5,"column":4},"end":{"line":5,"column":23}},"4":{"start":{"line":6,"column":4},"end":{"line":6,"column":37}},"5":{"start":{"line":7,"column":4},"end":{"line":7,"column":80}},"6":{"start":{"line":7,"column":31},"end":{"line":7,"column":80}},"7":{"start":{"line":8,"column":4},"end":{"line":8,"column":26}},"8":{"start":{"line":9,"column":4},"end":{"line":9,"column":43}},"9":{"start":{"line":10,"column":4},"end":{"line":10,"column":32}},"10":{"start":{"line":11,"column":4},"end":{"line":11,"column":55}},"11":{"start":{"line":12,"column":4},"end":{"line":12,"column":26}},"12":{"start":{"line":14,"column":4},"end":{"line":23,"column":8}},"13":{"start":{"line":15,"column":21},"end":{"line":15,"column":44}},"14":{"start":{"line":17,"column":8},"end":{"line":17,"column":74}},"15":{"start":{"line":17,"column":19},"end":{"line":17,"column":74}},"16":{"start":{"line":19,"column":19},"end":{"line":19,"column":91}},"17":{"start":{"line":21,"column":8},"end":{"line":21,"column":20}}},"fnMap":{"0":{"name":"(anonymous_0)","decl":{"start":{"line":4,"column":17},"end":{"line":4,"column":18}},"loc":{"start":{"line":4,"column":58},"end":{"line":24,"column":1}},"line":4},"1":{"name":"(anonymous_1)","decl":{"start":{"line":14,"column":12},"end":{"line":14,"column":13}},"loc":{"start":{"line":14,"column":24},"end":{"line":23,"column":5}},"line":14}},"branchMap":{"0":{"loc":{"start":{"line":7,"column":4},"end":{"line":7,"column":80}},"type":"if","locations":[{"start":{"line":7,"column":4},"end":{"line":7,"column":80}},{"start":{"line":7,"column":4},"end":{"line":7,"column":80}}],"line":7},"1":{"loc":{"start":{"line":17,"column":8},"end":{"line":17,"column":74}},"type":"if","locations":[{"start":{"line":17,"column":8},"end":{"line":17,"column":74}},{"start":{"line":17,"column":8},"end":{"line":17,"column":74}}],"line":17}},"s":{"0":1,"1":1,"2":1,"3":32,"4":26,"5":24,"6":0,"7":24,"8":18,"9":16,"10":10,"11":8,"12":2,"13":2,"14":2,"15":1,"16":1,"17":1},"f":{"0":32,"1":2},"b":{"0":[0,24],"1":[1,1]},"_coverageSchema":"43e27e138ebf9cfc5966b082cf9a028302ed4184","hash":"26d8e2e4b353302de70c9b5cec56d5217f8ede18","contentHash":"ecf155a1f5736e41427a3d74ebb7a220b12530e73aba5389b183ad5e234f77ca"},"C:\\Users\\xavie\\bootcamp\\collab\\skylab-bootcamp-201909\\staff\\javier-sevilla\\skillpop\\skillpop-api\\logic\\create-chat\\index.spec.js":{"path":"C:\\Users\\xavie\\bootcamp\\collab\\skylab-bootcamp-201909\\staff\\javier-sevilla\\skillpop\\skillpop-api\\logic\\create-chat\\index.spec.js","statementMap":{"0":{"start":{"line":1,"column":0},"end":{"line":1,"column":26}},"1":{"start":{"line":2,"column":33},"end":{"line":2,"column":40}},"2":{"start":{"line":3,"column":19},"end":{"line":3,"column":34}},"3":{"start":{"line":4,"column":19},"end":{"line":4,"column":31}},"4":{"start":{"line":5,"column":19},"end":{"line":5,"column":23}},"5":{"start":{"line":6,"column":52},"end":{"line":6,"column":76}},"6":{"start":{"line":7,"column":55},"end":{"line":7,"column":79}},"7":{"start":{"line":8,"column":15},"end":{"line":8,"column":34}},"8":{"start":{"line":9,"column":13},"end":{"line":9,"column":15}},"9":{"start":{"line":11,"column":0},"end":{"line":128,"column":2}},"10":{"start":{"line":12,"column":4},"end":{"line":12,"column":47}},"11":{"start":{"line":12,"column":17},"end":{"line":12,"column":46}},"12":{"start":{"line":17,"column":4},"end":{"line":45,"column":6}},"13":{"start":{"line":19,"column":8},"end":{"line":19,"column":65}},"14":{"start":{"line":21,"column":8},"end":{"line":21,"column":33}},"15":{"start":{"line":22,"column":8},"end":{"line":22,"column":39}},"16":{"start":{"line":23,"column":8},"end":{"line":23,"column":26}},"17":{"start":{"line":24,"column":8},"end":{"line":24,"column":35}},"18":{"start":{"line":25,"column":8},"end":{"line":25,"column":44}},"19":{"start":{"line":26,"column":8},"end":{"line":26,"column":41}},"20":{"start":{"line":28,"column":8},"end":{"line":28,"column":48}},"21":{"start":{"line":30,"column":22},"end":{"line":30,"column":96}},"22":{"start":{"line":31,"column":8},"end":{"line":31,"column":22}},"23":{"start":{"line":33,"column":8},"end":{"line":33,"column":33}},"24":{"start":{"line":34,"column":8},"end":{"line":34,"column":39}},"25":{"start":{"line":35,"column":8},"end":{"line":35,"column":26}},"26":{"start":{"line":36,"column":8},"end":{"line":36,"column":35}},"27":{"start":{"line":37,"column":8},"end":{"line":37,"column":44}},"28":{"start":{"line":38,"column":8},"end":{"line":38,"column":41}},"29":{"start":{"line":40,"column":8},"end":{"line":40,"column":48}},"30":{"start":{"line":42,"column":22},"end":{"line":42,"column":96}},"31":{"start":{"line":43,"column":8},"end":{"line":43,"column":22}},"32":{"start":{"line":47,"column":4},"end":{"line":64,"column":6}},"33":{"start":{"line":48,"column":23},"end":{"line":48,"column":49}},"34":{"start":{"line":50,"column":8},"end":{"line":50,"column":31}},"35":{"start":{"line":51,"column":8},"end":{"line":51,"column":40}},"36":{"start":{"line":53,"column":21},"end":{"line":53,"column":48}},"37":{"start":{"line":55,"column":8},"end":{"line":55,"column":51}},"38":{"start":{"line":56,"column":8},"end":{"line":56,"column":51}},"39":{"start":{"line":58,"column":24},"end":{"line":58,"column":50}},"40":{"start":{"line":60,"column":8},"end":{"line":60,"column":32}},"41":{"start":{"line":61,"column":8},"end":{"line":61,"column":41}},"42":{"start":{"line":62,"column":8},"end":{"line":62,"column":40}},"43":{"start":{"line":66,"column":4},"end":{"line":78,"column":6}},"44":{"start":{"line":68,"column":23},"end":{"line":68,"column":44}},"45":{"start":{"line":69,"column":8},"end":{"line":77,"column":9}},"46":{"start":{"line":70,"column":27},"end":{"line":70,"column":56}},"47":{"start":{"line":72,"column":12},"end":{"line":72,"column":54}},"48":{"start":{"line":74,"column":12},"end":{"line":74,"column":34}},"49":{"start":{"line":75,"column":12},"end":{"line":75,"column":60}},"50":{"start":{"line":76,"column":12},"end":{"line":76,"column":78}},"51":{"start":{"line":80,"column":4},"end":{"line":92,"column":6}},"52":{"start":{"line":82,"column":23},"end":{"line":82,"column":44}},"53":{"start":{"line":83,"column":8},"end":{"line":91,"column":9}},"54":{"start":{"line":84,"column":27},"end":{"line":84,"column":56}},"55":{"start":{"line":86,"column":12},"end":{"line":86,"column":54}},"56":{"start":{"line":88,"column":12},"end":{"line":88,"column":34}},"57":{"start":{"line":89,"column":12},"end":{"line":89,"column":60}},"58":{"start":{"line":90,"column":12},"end":{"line":90,"column":78}},"59":{"start":{"line":95,"column":4},"end":{"line":124,"column":6}},"60":{"start":{"line":97,"column":23},"end":{"line":97,"column":29}},"61":{"start":{"line":100,"column":8},"end":{"line":100,"column":76}},"62":{"start":{"line":100,"column":21},"end":{"line":100,"column":34}},"63":{"start":{"line":101,"column":8},"end":{"line":101,"column":82}},"64":{"start":{"line":101,"column":21},"end":{"line":101,"column":37}},"65":{"start":{"line":102,"column":8},"end":{"line":102,"column":76}},"66":{"start":{"line":102,"column":21},"end":{"line":102,"column":35}},"67":{"start":{"line":103,"column":8},"end":{"line":103,"column":91}},"68":{"start":{"line":103,"column":21},"end":{"line":103,"column":35}},"69":{"start":{"line":104,"column":8},"end":{"line":104,"column":92}},"70":{"start":{"line":104,"column":21},"end":{"line":104,"column":42}},"71":{"start":{"line":105,"column":8},"end":{"line":105,"column":82}},"72":{"start":{"line":105,"column":21},"end":{"line":105,"column":37}},"73":{"start":{"line":107,"column":8},"end":{"line":107,"column":88}},"74":{"start":{"line":107,"column":21},"end":{"line":107,"column":35}},"75":{"start":{"line":108,"column":8},"end":{"line":108,"column":93}},"76":{"start":{"line":108,"column":21},"end":{"line":108,"column":40}},"77":{"start":{"line":109,"column":8},"end":{"line":109,"column":94}},"78":{"start":{"line":109,"column":21},"end":{"line":109,"column":39}},"79":{"start":{"line":113,"column":8},"end":{"line":113,"column":81}},"80":{"start":{"line":113,"column":21},"end":{"line":113,"column":39}},"81":{"start":{"line":114,"column":8},"end":{"line":114,"column":87}},"82":{"start":{"line":114,"column":21},"end":{"line":114,"column":42}},"83":{"start":{"line":115,"column":8},"end":{"line":115,"column":81}},"84":{"start":{"line":115,"column":21},"end":{"line":115,"column":40}},"85":{"start":{"line":116,"column":8},"end":{"line":116,"column":96}},"86":{"start":{"line":116,"column":21},"end":{"line":116,"column":40}},"87":{"start":{"line":117,"column":8},"end":{"line":117,"column":97}},"88":{"start":{"line":117,"column":21},"end":{"line":117,"column":47}},"89":{"start":{"line":118,"column":8},"end":{"line":118,"column":87}},"90":{"start":{"line":118,"column":21},"end":{"line":118,"column":42}},"91":{"start":{"line":120,"column":8},"end":{"line":120,"column":93}},"92":{"start":{"line":120,"column":21},"end":{"line":120,"column":40}},"93":{"start":{"line":121,"column":8},"end":{"line":121,"column":98}},"94":{"start":{"line":121,"column":21},"end":{"line":121,"column":45}},"95":{"start":{"line":122,"column":8},"end":{"line":122,"column":99}},"96":{"start":{"line":122,"column":21},"end":{"line":122,"column":44}},"97":{"start":{"line":127,"column":4},"end":{"line":127,"column":94}},"98":{"start":{"line":127,"column":16},"end":{"line":127,"column":93}}},"fnMap":{"0":{"name":"(anonymous_0)","decl":{"start":{"line":11,"column":32},"end":{"line":11,"column":33}},"loc":{"start":{"line":11,"column":38},"end":{"line":128,"column":1}},"line":11},"1":{"name":"(anonymous_1)","decl":{"start":{"line":12,"column":11},"end":{"line":12,"column":12}},"loc":{"start":{"line":12,"column":17},"end":{"line":12,"column":46}},"line":12},"2":{"name":"(anonymous_2)","decl":{"start":{"line":17,"column":15},"end":{"line":17,"column":16}},"loc":{"start":{"line":17,"column":26},"end":{"line":45,"column":5}},"line":17},"3":{"name":"(anonymous_3)","decl":{"start":{"line":47,"column":44},"end":{"line":47,"column":45}},"loc":{"start":{"line":47,"column":55},"end":{"line":64,"column":5}},"line":47},"4":{"name":"(anonymous_4)","decl":{"start":{"line":66,"column":39},"end":{"line":66,"column":40}},"loc":{"start":{"line":66,"column":50},"end":{"line":78,"column":5}},"line":66},"5":{"name":"(anonymous_5)","decl":{"start":{"line":80,"column":39},"end":{"line":80,"column":40}},"loc":{"start":{"line":80,"column":50},"end":{"line":92,"column":5}},"line":80},"6":{"name":"(anonymous_6)","decl":{"start":{"line":95,"column":98},"end":{"line":95,"column":99}},"loc":{"start":{"line":95,"column":104},"end":{"line":124,"column":5}},"line":95},"7":{"name":"(anonymous_7)","decl":{"start":{"line":100,"column":15},"end":{"line":100,"column":16}},"loc":{"start":{"line":100,"column":21},"end":{"line":100,"column":34}},"line":100},"8":{"name":"(anonymous_8)","decl":{"start":{"line":101,"column":15},"end":{"line":101,"column":16}},"loc":{"start":{"line":101,"column":21},"end":{"line":101,"column":37}},"line":101},"9":{"name":"(anonymous_9)","decl":{"start":{"line":102,"column":15},"end":{"line":102,"column":16}},"loc":{"start":{"line":102,"column":21},"end":{"line":102,"column":35}},"line":102},"10":{"name":"(anonymous_10)","decl":{"start":{"line":103,"column":15},"end":{"line":103,"column":16}},"loc":{"start":{"line":103,"column":21},"end":{"line":103,"column":35}},"line":103},"11":{"name":"(anonymous_11)","decl":{"start":{"line":104,"column":15},"end":{"line":104,"column":16}},"loc":{"start":{"line":104,"column":21},"end":{"line":104,"column":42}},"line":104},"12":{"name":"(anonymous_12)","decl":{"start":{"line":105,"column":15},"end":{"line":105,"column":16}},"loc":{"start":{"line":105,"column":21},"end":{"line":105,"column":37}},"line":105},"13":{"name":"(anonymous_13)","decl":{"start":{"line":107,"column":15},"end":{"line":107,"column":16}},"loc":{"start":{"line":107,"column":21},"end":{"line":107,"column":35}},"line":107},"14":{"name":"(anonymous_14)","decl":{"start":{"line":108,"column":15},"end":{"line":108,"column":16}},"loc":{"start":{"line":108,"column":21},"end":{"line":108,"column":40}},"line":108},"15":{"name":"(anonymous_15)","decl":{"start":{"line":109,"column":15},"end":{"line":109,"column":16}},"loc":{"start":{"line":109,"column":21},"end":{"line":109,"column":39}},"line":109},"16":{"name":"(anonymous_16)","decl":{"start":{"line":113,"column":15},"end":{"line":113,"column":16}},"loc":{"start":{"line":113,"column":21},"end":{"line":113,"column":39}},"line":113},"17":{"name":"(anonymous_17)","decl":{"start":{"line":114,"column":15},"end":{"line":114,"column":16}},"loc":{"start":{"line":114,"column":21},"end":{"line":114,"column":42}},"line":114},"18":{"name":"(anonymous_18)","decl":{"start":{"line":115,"column":15},"end":{"line":115,"column":16}},"loc":{"start":{"line":115,"column":21},"end":{"line":115,"column":40}},"line":115},"19":{"name":"(anonymous_19)","decl":{"start":{"line":116,"column":15},"end":{"line":116,"column":16}},"loc":{"start":{"line":116,"column":21},"end":{"line":116,"column":40}},"line":116},"20":{"name":"(anonymous_20)","decl":{"start":{"line":117,"column":15},"end":{"line":117,"column":16}},"loc":{"start":{"line":117,"column":21},"end":{"line":117,"column":47}},"line":117},"21":{"name":"(anonymous_21)","decl":{"start":{"line":118,"column":15},"end":{"line":118,"column":16}},"loc":{"start":{"line":118,"column":21},"end":{"line":118,"column":42}},"line":118},"22":{"name":"(anonymous_22)","decl":{"start":{"line":120,"column":15},"end":{"line":120,"column":16}},"loc":{"start":{"line":120,"column":21},"end":{"line":120,"column":40}},"line":120},"23":{"name":"(anonymous_23)","decl":{"start":{"line":121,"column":15},"end":{"line":121,"column":16}},"loc":{"start":{"line":121,"column":21},"end":{"line":121,"column":45}},"line":121},"24":{"name":"(anonymous_24)","decl":{"start":{"line":122,"column":15},"end":{"line":122,"column":16}},"loc":{"start":{"line":122,"column":21},"end":{"line":122,"column":44}},"line":122},"25":{"name":"(anonymous_25)","decl":{"start":{"line":127,"column":10},"end":{"line":127,"column":11}},"loc":{"start":{"line":127,"column":16},"end":{"line":127,"column":93}},"line":127}},"branchMap":{},"s":{"0":1,"1":1,"2":1,"3":1,"4":1,"5":1,"6":1,"7":1,"8":1,"9":1,"10":1,"11":1,"12":1,"13":4,"14":4,"15":4,"16":4,"17":4,"18":4,"19":4,"20":4,"21":4,"22":4,"23":4,"24":4,"25":4,"26":4,"27":4,"28":4,"29":4,"30":4,"31":4,"32":1,"33":1,"34":1,"35":1,"36":1,"37":1,"38":1,"39":1,"40":1,"41":1,"42":1,"43":1,"44":1,"45":1,"46":1,"47":0,"48":1,"49":1,"50":1,"51":1,"52":1,"53":1,"54":1,"55":0,"56":1,"57":1,"58":1,"59":1,"60":1,"61":1,"62":1,"63":1,"64":1,"65":1,"66":1,"67":1,"68":1,"69":1,"70":1,"71":1,"72":1,"73":1,"74":1,"75":1,"76":1,"77":1,"78":1,"79":1,"80":1,"81":1,"82":1,"83":1,"84":1,"85":1,"86":1,"87":1,"88":1,"89":1,"90":1,"91":1,"92":1,"93":1,"94":1,"95":1,"96":1,"97":1,"98":1},"f":{"0":1,"1":1,"2":4,"3":1,"4":1,"5":1,"6":1,"7":1,"8":1,"9":1,"10":1,"11":1,"12":1,"13":1,"14":1,"15":1,"16":1,"17":1,"18":1,"19":1,"20":1,"21":1,"22":1,"23":1,"24":1,"25":1},"b":{},"_coverageSchema":"43e27e138ebf9cfc5966b082cf9a028302ed4184","hash":"7ed868ae54a3ff8ad266f233bfa132887bd2215f","contentHash":"488287f521476884ddee9ff7fc307f82b736d343219abe1b98295894602634e8"},"C:\\Users\\xavie\\bootcamp\\collab\\skylab-bootcamp-201909\\staff\\javier-sevilla\\skillpop\\skillpop-api\\logic\\create-chat\\index.js":{"path":"C:\\Users\\xavie\\bootcamp\\collab\\skylab-bootcamp-201909\\staff\\javier-sevilla\\skillpop\\skillpop-api\\logic\\create-chat\\index.js","statementMap":{"0":{"start":{"line":1,"column":62},"end":{"line":1,"column":86}},"1":{"start":{"line":2,"column":45},"end":{"line":2,"column":69}},"2":{"start":{"line":5,"column":0},"end":{"line":34,"column":1}},"3":{"start":{"line":6,"column":4},"end":{"line":6,"column":28}},"4":{"start":{"line":7,"column":4},"end":{"line":7,"column":47}},"5":{"start":{"line":8,"column":4},"end":{"line":8,"column":90}},"6":{"start":{"line":8,"column":36},"end":{"line":8,"column":90}},"7":{"start":{"line":10,"column":4},"end":{"line":10,"column":28}},"8":{"start":{"line":11,"column":4},"end":{"line":11,"column":47}},"9":{"start":{"line":12,"column":4},"end":{"line":12,"column":90}},"10":{"start":{"line":12,"column":36},"end":{"line":12,"column":90}},"11":{"start":{"line":15,"column":4},"end":{"line":32,"column":8}},"12":{"start":{"line":16,"column":22},"end":{"line":16,"column":50}},"13":{"start":{"line":17,"column":8},"end":{"line":17,"column":80}},"14":{"start":{"line":17,"column":20},"end":{"line":17,"column":80}},"15":{"start":{"line":19,"column":22},"end":{"line":19,"column":50}},"16":
[...]
2":{"start":{"line":138,"column":4},"end":{"line":138,"column":92}},"83":{"start":{"line":138,"column":16},"end":{"line":138,"column":91}}},"fnMap":{"0":{"name":"(anonymous_0)","decl":{"start":{"line":11,"column":31},"end":{"line":11,"column":32}},"loc":{"start":{"line":11,"column":37},"end":{"line":139,"column":1}},"line":11},"1":{"name":"(anonymous_1)","decl":{"start":{"line":12,"column":11},"end":{"line":12,"column":12}},"loc":{"start":{"line":12,"column":17},"end":{"line":12,"column":46}},"line":12},"2":{"name":"(anonymous_2)","decl":{"start":{"line":17,"column":15},"end":{"line":17,"column":16}},"loc":{"start":{"line":17,"column":27},"end":{"line":67,"column":5}},"line":17},"3":{"name":"(anonymous_3)","decl":{"start":{"line":51,"column":47},"end":{"line":51,"column":48}},"loc":{"start":{"line":51,"column":53},"end":{"line":51,"column":70}},"line":51},"4":{"name":"(anonymous_4)","decl":{"start":{"line":69,"column":43},"end":{"line":69,"column":44}},"loc":{"start":{"line":69,"column":55},"end":{"line":100,"column":5}},"line":69},"5":{"name":"(anonymous_5)","decl":{"start":{"line":76,"column":20},"end":{"line":76,"column":21}},"loc":{"start":{"line":76,"column":26},"end":{"line":99,"column":9}},"line":76},"6":{"name":"(anonymous_6)","decl":{"start":{"line":102,"column":49},"end":{"line":102,"column":50}},"loc":{"start":{"line":102,"column":61},"end":{"line":128,"column":5}},"line":102},"7":{"name":"(anonymous_7)","decl":{"start":{"line":109,"column":20},"end":{"line":109,"column":21}},"loc":{"start":{"line":109,"column":26},"end":{"line":127,"column":9}},"line":109},"8":{"name":"(anonymous_8)","decl":{"start":{"line":130,"column":35},"end":{"line":130,"column":36}},"loc":{"start":{"line":130,"column":47},"end":{"line":136,"column":5}},"line":130},"9":{"name":"(anonymous_9)","decl":{"start":{"line":138,"column":10},"end":{"line":138,"column":11}},"loc":{"start":{"line":138,"column":16},"end":{"line":138,"column":91}},"line":138}},"branchMap":{},"s":{"0":1,"1":1,"2":1,"3":1,"4":1,"5":1,"6":1,"7":1,"8":1,"9":1,"10":1,"11":1,"12":1,"13":3,"14":3,"15":3,"16":3,"17":3,"18":3,"19":3,"20":3,"21":3,"22":3,"23":3,"24":3,"25":3,"26":3,"27":3,"28":3,"29":3,"30":30,"31":30,"32":30,"33":30,"34":30,"35":3,"36":3,"37":30,"38":3,"39":1,"40":1,"41":1,"42":1,"43":1,"44":1,"45":10,"46":10,"47":10,"48":10,"49":10,"50":10,"51":10,"52":10,"53":10,"54":10,"55":10,"56":10,"57":10,"58":10,"59":10,"60":10,"61":1,"62":1,"63":1,"64":1,"65":1,"66":1,"67":20,"68":20,"69":20,"70":20,"71":20,"72":20,"73":20,"74":20,"75":20,"76":20,"77":20,"78":1,"79":1,"80":1,"81":1,"82":1,"83":1},"f":{"0":1,"1":1,"2":3,"3":30,"4":1,"5":10,"6":1,"7":20,"8":1,"9":1},"b":{},"_coverageSchema":"43e27e138ebf9cfc5966b082cf9a028302ed4184","hash":"0a4fe1c8489a27a3b67c27c85c045f9cd5b9c731","contentHash":"f03116374f761e2111521526700b1d416d4ed91affd3a34427b1c1d405e4bd40"},"C:\\Users\\xavie\\bootcamp\\collab\\skylab-bootcamp-201909\\staff\\javier-sevilla\\skillpop\\skillpop-api\\logic\\search-ads\\index.js":{"path":"C:\\Users\\xavie\\bootcamp\\collab\\skylab-bootcamp-201909\\staff\\javier-sevilla\\skillpop\\skillpop-api\\logic\\search-ads\\index.js","statementMap":{"0":{"start":{"line":1,"column":39},"end":{"line":1,"column":63}},"1":{"start":{"line":2,"column":28},"end":{"line":2,"column":52}},"2":{"start":{"line":4,"column":0},"end":{"line":20,"column":1}},"3":{"start":{"line":6,"column":4},"end":{"line":19,"column":8}},"4":{"start":{"line":7,"column":20},"end":{"line":7,"column":126}},"5":{"start":{"line":9,"column":8},"end":{"line":9,"column":28}},"6":{"start":{"line":9,"column":18},"end":{"line":9,"column":28}},"7":{"start":{"line":11,"column":8},"end":{"line":16,"column":10}},"8":{"start":{"line":12,"column":12},"end":{"line":12,"column":37}},"9":{"start":{"line":13,"column":12},"end":{"line":13,"column":25}},"10":{"start":{"line":15,"column":12},"end":{"line":15,"column":44}},"11":{"start":{"line":17,"column":8},"end":{"line":17,"column":18}}},"fnMap":{"0":{"name":"(anonymous_0)","decl":{"start":{"line":4,"column":17},"end":{"line":4,"column":18}},"loc":{"start":{"line":4,"column":34},"end":{"line":20,"column":1}},"line":4},"1":{"name":"(anonymous_1)","decl":{"start":{"line":6,"column":12},"end":{"line":6,"column":13}},"loc":{"start":{"line":6,"column":24},"end":{"line":19,"column":5}},"line":6},"2":{"name":"(anonymous_2)","decl":{"start":{"line":11,"column":20},"end":{"line":11,"column":21}},"loc":{"start":{"line":11,"column":26},"end":{"line":16,"column":9}},"line":11}},"branchMap":{"0":{"loc":{"start":{"line":9,"column":8},"end":{"line":9,"column":28}},"type":"if","locations":[{"start":{"line":9,"column":8},"end":{"line":9,"column":28}},{"start":{"line":9,"column":8},"end":{"line":9,"column":28}}],"line":9}},"s":{"0":1,"1":1,"2":1,"3":3,"4":3,"5":3,"6":0,"7":3,"8":30,"9":30,"10":30,"11":3},"f":{"0":3,"1":3,"2":30},"b":{"0":[0,3]},"_coverageSchema":"43e27e138ebf9cfc5966b082cf9a028302ed4184","hash":"e2ff56700531c55ca0422a7c8d8bdae703f205a0","contentHash":"70ea753eaa7ab5435c3fa130f3bfb2b862a7ed83fb35525736714a9e6ae416ac"},"C:\\Users\\xavie\\bootcamp\\collab\\skylab-bootcamp-201909\\staff\\javier-sevilla\\skillpop\\skillpop-api\\logic\\toggle-fav-ad\\index.spec.js":{"path":"C:\\Users\\xavie\\bootcamp\\collab\\skylab-bootcamp-201909\\staff\\javier-sevilla\\skillpop\\skillpop-api\\logic\\toggle-fav-ad\\index.spec.js","statementMap":{"0":{"start":{"line":1,"column":0},"end":{"line":1,"column":26}},"1":{"start":{"line":2,"column":33},"end":{"line":2,"column":40}},"2":{"start":{"line":3,"column":19},"end":{"line":3,"column":34}},"3":{"start":{"line":4,"column":19},"end":{"line":4,"column":23}},"4":{"start":{"line":5,"column":20},"end":{"line":5,"column":32}},"5":{"start":{"line":6,"column":80},"end":{"line":6,"column":104}},"6":{"start":{"line":7,"column":53},"end":{"line":7,"column":77}},"7":{"start":{"line":8,"column":15},"end":{"line":8,"column":34}},"8":{"start":{"line":9,"column":13},"end":{"line":9,"column":15}},"9":{"start":{"line":11,"column":0},"end":{"line":11,"column":13}},"10":{"start":{"line":13,"column":0},"end":{"line":137,"column":2}},"11":{"start":{"line":14,"column":4},"end":{"line":14,"column":47}},"12":{"start":{"line":14,"column":17},"end":{"line":14,"column":46}},"13":{"start":{"line":19,"column":4},"end":{"line":70,"column":6}},"14":{"start":{"line":20,"column":8},"end":{"line":20,"column":33}},"15":{"start":{"line":21,"column":8},"end":{"line":21,"column":39}},"16":{"start":{"line":22,"column":8},"end":{"line":22,"column":44}},"17":{"start":{"line":23,"column":8},"end":{"line":23,"column":26}},"18":{"start":{"line":24,"column":8},"end":{"line":24,"column":35}},"19":{"start":{"line":25,"column":8},"end":{"line":25,"column":41}},"20":{"start":{"line":27,"column":8},"end":{"line":27,"column":63}},"21":{"start":{"line":29,"column":8},"end":{"line":29,"column":48}},"22":{"start":{"line":31,"column":21},"end":{"line":31,"column":95}},"23":{"start":{"line":33,"column":8},"end":{"line":33,"column":20}},"24":{"start":{"line":35,"column":8},"end":{"line":35,"column":18}},"25":{"start":{"line":36,"column":8},"end":{"line":36,"column":19}},"26":{"start":{"line":37,"column":8},"end":{"line":37,"column":25}},"27":{"start":{"line":38,"column":8},"end":{"line":38,"column":19}},"28":{"start":{"line":40,"column":27},"end":{"line":40,"column":29}},"29":{"start":{"line":42,"column":8},"end":{"line":57,"column":9}},"30":{"start":{"line":42,"column":21},"end":{"line":42,"column":22}},"31":{"start":{"line":43,"column":23},"end":{"line":51,"column":13}},"32":{"start":{"line":53,"column":12},"end":{"line":53,"column":72}},"33":{"start":{"line":53,"column":53},"end":{"line":53,"column":70}},"34":{"start":{"line":55,"column":12},"end":{"line":55,"column":33}},"35":{"start":{"line":56,"column":12},"end":{"line":56,"column":45}},"36":{"start":{"line":59,"column":8},"end":{"line":66,"column":15}},"37":{"start":{"line":59,"column":21},"end":{"line":59,"column":22}},"38":{"start":{"line":60,"column":12},"end":{"line":66,"column":15}},"39":{"start":{"line":68,"column":8},"end":{"line":68,"column":37}},"40":{"start":{"line":72,"column":4},"end":{"line":87,"column":6}},"41":{"start":{"line":73,"column":8},"end":{"line":73,"column":16}},"42":{"start":{"line":74,"column":21},"end":{"line":74,"column":35}},"43":{"start":{"line":75,"column":20},"end":{"line":75,"column":47}},"44":{"start":{"line":77,"column":8},"end":{"line":77,"column":32}},"45":{"start":{"line":78,"column":8},"end":{"line":78,"column":30}},"46":{"start":{"line":79,"column":8},"end":{"line":79,"column":40}},"47":{"start":{"line":81,"column":8},"end":{"line":81,"column":43}},"48":{"start":{"line":83,"column":8},"end":{"line":83,"column":33}},"49":{"start":{"line":84,"column":8},"end":{"line":84,"column":30}},"50":{"start":{"line":85,"column":8},"end":{"line":85,"column":40}},"51":{"start":{"line":90,"column":4},"end":{"line":121,"column":6}},"52":{"start":{"line":91,"column":8},"end":{"line":106,"column":10}},"53":{"start":{"line":92,"column":25},"end":{"line":92,"column":39}},"54":{"start":{"line":93,"column":27},"end":{"line":93,"column":53}},"55":{"start":{"line":95,"column":12},"end":{"line":105,"column":13}},"56":{"start":{"line":96,"column":16},"end":{"line":96,"column":47}},"57":{"start":{"line":98,"column":16},"end":{"line":98,"column":62}},"58":{"start":{"line":100,"column":16},"end":{"line":100,"column":38}},"59":{"start":{"line":101,"column":16},"end":{"line":101,"column":64}},"60":{"start":{"line":103,"column":36},"end":{"line":103,"column":41}},"61":{"start":{"line":104,"column":16},"end":{"line":104,"column":76}},"62":{"start":{"line":107,"column":8},"end":{"line":120,"column":10}},"63":{"start":{"line":108,"column":27},"end":{"line":108,"column":53}},"64":{"start":{"line":109,"column":12},"end":{"line":119,"column":13}},"65":{"start":{"line":110,"column":16},"end":{"line":110,"column":45}},"66":{"start":{"line":112,"column":16},"end":{"line":112,"column":62}},"67":{"start":{"line":114,"column":16},"end":{"line":114,"column":38}},"68":{"start":{"line":115,"column":16},"end":{"line":115,"column":64}},"69":{"start":{"line":117,"column":36},"end":{"line":117,"column":41}},"70":{"start":{"line":118,"column":16},"end":{"line":118,"column":74}},"71":{"start":{"line":123,"column":4},"end":{"line":133,"column":6}},"72":{"start":{"line":124,"column":8},"end":{"line":124,"column":77}},"73":{"start":{"line":124,"column":21},"end":{"line":124,"column":35}},"74":{"start":{"line":125,"column":8},"end":{"line":125,"column":83}},"75":{"start":{"line":125,"column":21},"end":{"line":125,"column":38}},"76":{"start":{"line":126,"column":8},"end":{"line":126,"column":77}},"77":{"start":{"line":126,"column":21},"end":{"line":126,"column":36}},"78":{"start":{"line":127,"column":8},"end":{"line":127,"column":92}},"79":{"start":{"line":127,"column":21},"end":{"line":127,"column":36}},"80":{"start":{"line":128,"column":8},"end":{"line":128,"column":93}},"81":{"start":{"line":128,"column":21},"end":{"line":128,"column":43}},"82":{"start":{"line":129,"column":8},"end":{"line":129,"column":83}},"83":{"start":{"line":129,"column":21},"end":{"line":129,"column":38}},"84":{"start":{"line":131,"column":8},"end":{"line":131,"column":88}},"85":{"start":{"line":131,"column":21},"end":{"line":131,"column":36}},"86":{"start":{"line":132,"column":8},"end":{"line":132,"column":93}},"87":{"start":{"line":132,"column":21},"end":{"line":132,"column":41}},"88":{"start":{"line":136,"column":0},"end":{"line":136,"column":88}},"89":{"start":{"line":136,"column":12},"end":{"line":136,"column":87}}},"fnMap":{"0":{"name":"(anonymous_0)","decl":{"start":{"line":13,"column":32},"end":{"line":13,"column":33}},"loc":{"start":{"line":13,"column":38},"end":{"line":137,"column":1}},"line":13},"1":{"name":"(anonymous_1)","decl":{"start":{"line":14,"column":11},"end":{"line":14,"column":12}},"loc":{"start":{"line":14,"column":17},"end":{"line":14,"column":46}},"line":14},"2":{"name":"(anonymous_2)","decl":{"start":{"line":19,"column":15},"end":{"line":19,"column":16}},"loc":{"start":{"line":19,"column":27},"end":{"line":70,"column":5}},"line":19},"3":{"name":"(anonymous_3)","decl":{"start":{"line":53,"column":47},"end":{"line":53,"column":48}},"loc":{"start":{"line":53,"column":53},"end":{"line":53,"column":70}},"line":53},"4":{"name":"(anonymous_4)","decl":{"start":{"line":72,"column":53},"end":{"line":72,"column":54}},"loc":{"start":{"line":72,"column":65},"end":{"line":87,"column":5}},"line":72},"5":{"name":"(anonymous_5)","decl":{"start":{"line":90,"column":30},"end":{"line":90,"column":31}},"loc":{"start":{"line":90,"column":36},"end":{"line":121,"column":5}},"line":90},"6":{"name":"(anonymous_6)","decl":{"start":{"line":91,"column":47},"end":{"line":91,"column":48}},"loc":{"start":{"line":91,"column":59},"end":{"line":106,"column":9}},"line":91},"7":{"name":"(anonymous_7)","decl":{"start":{"line":107,"column":45},"end":{"line":107,"column":46}},"loc":{"start":{"line":107,"column":57},"end":{"line":120,"column":9}},"line":107},"8":{"name":"(anonymous_8)","decl":{"start":{"line":123,"column":38},"end":{"line":123,"column":39}},"loc":{"start":{"line":123,"column":44},"end":{"line":133,"column":5}},"line":123},"9":{"name":"(anonymous_9)","decl":{"start":{"line":124,"column":15},"end":{"line":124,"column":16}},"loc":{"start":{"line":124,"column":21},"end":{"line":124,"column":35}},"line":124},"10":{"name":"(anonymous_10)","decl":{"start":{"line":125,"column":15},"end":{"line":125,"column":16}},"loc":{"start":{"line":125,"column":21},"end":{"line":125,"column":38}},"line":125},"11":{"name":"(anonymous_11)","decl":{"start":{"line":126,"column":15},"end":{"line":126,"column":16}},"loc":{"start":{"line":126,"column":21},"end":{"line":126,"column":36}},"line":126},"12":{"name":"(anonymous_12)","decl":{"start":{"line":127,"column":15},"end":{"line":127,"column":16}},"loc":{"start":{"line":127,"column":21},"end":{"line":127,"column":36}},"line":127},"13":{"name":"(anonymous_13)","decl":{"start":{"line":128,"column":15},"end":{"line":128,"column":16}},"loc":{"start":{"line":128,"column":21},"end":{"line":128,"column":43}},"line":128},"14":{"name":"(anonymous_14)","decl":{"start":{"line":129,"column":15},"end":{"line":129,"column":16}},"loc":{"start":{"line":129,"column":21},"end":{"line":129,"column":38}},"line":129},"15":{"name":"(anonymous_15)","decl":{"start":{"line":131,"column":15},"end":{"line":131,"column":16}},"loc":{"start":{"line":131,"column":21},"end":{"line":131,"column":36}},"line":131},"16":{"name":"(anonymous_16)","decl":{"start":{"line":132,"column":15},"end":{"line":132,"column":16}},"loc":{"start":{"line":132,"column":21},"end":{"line":132,"column":41}},"line":132},"17":{"name":"(anonymous_17)","decl":{"start":{"line":136,"column":6},"end":{"line":136,"column":7}},"loc":{"start":{"line":136,"column":12},"end":{"line":136,"column":87}},"line":136}},"branchMap":{},"s":{"0":1,"1":1,"2":1,"3":1,"4":1,"5":1,"6":1,"7":1,"8":1,"9":1,"10":1,"11":1,"12":1,"13":1,"14":4,"15":4,"16":4,"17":4,"18":4,"19":4,"20":4,"21":4,"22":4,"23":4,"24":4,"25":4,"26":4,"27":4,"28":4,"29":4,"30":4,"31":40,"32":40,"33":40,"34":40,"35":40,"36":4,"37":4,"38":40,"39":4,"40":1,"41":1,"42":1,"43":1,"44":1,"45":1,"46":1,"47":1,"48":1,"49":1,"50":1,"51":1,"52":1,"53":1,"54":1,"55":1,"56":1,"57":0,"58":1,"59":1,"60":1,"61":1,"62":1,"63":1,"64":1,"65":1,"66":0,"67":1,"68":1,"69":1,"70":1,"71":1,"72":1,"73":1,"74":1,"75":1,"76":1,"77":1,"78":1,"79":1,"80":1,"81":1,"82":1,"83":1,"84":1,"85":1,"86":1,"87":1,"88":1,"89":1},"f":{"0":1,"1":1,"2":4,"3":40,"4":1,"5":1,"6":1,"7":1,"8":1,"9":1,"10":1,"11":1,"12":1,"13":1,"14":1,"15":1,"16":1,"17":1},"b":{},"_coverageSchema":"43e27e138ebf9cfc5966b082cf9a028302ed4184","hash":"367bf3b7e8ad961a3d5f1d5ede5f14dd68eaa60d","contentHash":"8e5f673c79994a1e44fb6e9aa36f7e39546f4434348b6106b283bdc08da3cf57"},"C:\\Users\\xavie\\bootcamp\\collab\\skylab-bootcamp-201909\\staff\\javier-sevilla\\skillpop\\skillpop-api\\logic\\toggle-fav-ad\\index.js":{"path":"C:\\Users\\xavie\\bootcamp\\collab\\skylab-bootcamp-201909\\staff\\javier-sevilla\\skillpop\\skillpop-api\\logic\\toggle-fav-ad\\index.js","statementMap":{"0":{"start":{"line":1,"column":63},"end":{"line":1,"column":87}},"1":{"start":{"line":2,"column":44},"end":{"line":2,"column":68}},"2":{"start":{"line":4,"column":0},"end":{"line":41,"column":1}},"3":{"start":{"line":5,"column":4},"end":{"line":5,"column":27}},"4":{"start":{"line":6,"column":4},"end":{"line":6,"column":45}},"5":{"start":{"line":7,"column":4},"end":{"line":7,"column":88}},"6":{"start":{"line":7,"column":35},"end":{"line":7,"column":88}},"7":{"start":{"line":9,"column":4},"end":{"line":9,"column":25}},"8":{"start":{"line":10,"column":4},"end":{"line":10,"column":39}},"9":{"start":{"line":11,"column":4},"end":{"line":11,"column":84}},"10":{"start":{"line":11,"column":33},"end":{"line":11,"column":84}},"11":{"start":{"line":13,"column":4},"end":{"line":40,"column":8}},"12":{"start":{"line":14,"column":21},"end":{"line":14,"column":48}},"13":{"start":{"line":16,"column":8},"end":{"line":16,"column":78}},"14":{"start":{"line":16,"column":19},"end":{"line":16,"column":78}},"15":{"start":{"line":18,"column":19},"end":{"line":18,"column":42}},"16":{"start":{"line":20,"column":8},"end":{"line":20,"column":72}},"17":{"start":{"line":20,"column":17},"end":{"line":20,"column":72}},"18":{"start":{"line":22,"column":22},"end":{"line":22,"column":45}},"19":{"start":{"line":26,"column":8},"end":{"line":32,"column":9}},"20":{"start":{"line":27,"column":12},"end":{"line":27,"column":38}},"21":{"start":{"line":28,"column":12},"end":{"line":28,"column":25}},"22":{"start":{"line":30,"column":12},"end":{"line":30,"column":32}},"23":{"start":{"line":31,"column":12},"end":{"line":31,"column":24}},"24":{"start":{"line":34,"column":8},"end":{"line":34,"column":34}},"25":{"start":{"line":36,"column":8},"end":{"line":36,"column":25}},"26":{"start":{"line":38,"column":8},"end":{"line":38,"column":20}}},"fnMap":{"0":{"name":"(anonymous_0)","decl":{"start":{"line":4,"column":17},"end":{"line":4,"column":18}},"loc":{"start":{"line":4,"column":41},"end":{"line":41,"column":1}},"line":4},"1":{"name":"(anonymous_1)","decl":{"start":{"line":13,"column":12},"end":{"line":13,"column":13}},"loc":{"start":{"line":13,"column":24},"end":{"line":40,"column":5}},"line":13}},"branchMap":{"0":{"loc":{"start":{"line":7,"column":4},"end":{"line":7,"column":88}},"type":"if","locations":[{"start":{"line":7,"column":4},"end":{"line":7,"column":88}},{"start":{"line":7,"column":4},"end":{"line":7,"column":88}}],"line":7},"1":{"loc":{"start":{"line":11,"column":4},"end":{"line":11,"column":84}},"type":"if","locations":[{"start":{"line":11,"column":4},"end":{"line":11,"column":84}},{"start":{"line":11,"column":4},"end":{"line":11,"column":84}}],"line":11},"2":{"loc":{"start":{"line":16,"column":8},"end":{"line":16,"column":78}},"type":"if","locations":[{"start":{"line":16,"column":8},"end":{"line":16,"column":78}},{"start":{"line":16,"column":8},"end":{"line":16,"column":78}}],"line":16},"3":{"loc":{"start":{"line":20,"column":8},"end":{"line":20,"column":72}},"type":"if","locations":[{"start":{"line":20,"column":8},"end":{"line":20,"column":72}},{"start":{"line":20,"column":8},"end":{"line":20,"column":72}}],"line":20},"4":{"loc":{"start":{"line":26,"column":8},"end":{"line":32,"column":9}},"type":"if","locations":[{"start":{"line":26,"column":8},"end":{"line":32,"column":9}},{"start":{"line":26,"column":8},"end":{"line":32,"column":9}}],"line":26}},"s":{"0":1,"1":1,"2":1,"3":12,"4":6,"5":4,"6":0,"7":4,"8":4,"9":4,"10":0,"11":4,"12":4,"13":4,"14":1,"15":3,"16":3,"17":1,"18":2,"19":2,"20":1,"21":1,"22":1,"23":1,"24":2,"25":2,"26":2},"f":{"0":12,"1":4},"b":{"0":[0,4],"1":[0,4],"2":[1,3],"3":[1,2],"4":[1,1]},"_coverageSchema":"43e27e138ebf9cfc5966b082cf9a028302ed4184","hash":"e9495cb42ca5d2557e2671711165ecb5cfaed8e2","contentHash":"41ca2ebf5f66483c329ae9cf7ad247a960504c4dc3b7b9a938148009db2bace2"}}